Performing C++ SOURCE FILE Test HAVE_COMPUTED_GOTO failed with the following output:
Change Dir: C:/Users/Scott/build_release/CMakeFiles/CMakeTmp

Run Build Command(s):C:/Program Files (x86)/Microsoft Visual Studio/2019/Community/MSBuild/Current/Bin/MSBuild.exe cmTC_68e09.vcxproj /p:Configuration=Debug /p:Platform=x64 /p:VisualStudioVersion=16.0 /v:m && Microsoft (R) Build Engine version 16.8.3+39993bd9d for .NET Framework
Copyright (C) Microsoft Corporation. All rights reserved.

  Microsoft (R) C/C++ Optimizing Compiler Version 19.28.29336 for x64
  Copyright (C) Microsoft Corporation.  All rights reserved.
  src.cxx
  cl /c /Zi /W3 /WX- /diagnostics:column /Od /Ob0 /Oi /D WIN32 /D _WINDOWS /D HAVE_COMPUTED_GOTO /D "CMAKE_INTDIR=\"Debug\"" /D _MBCS /Gm- /RTC1 /MDd /GS /fp:precise /Zc:wchar_t /Zc:forScope /Zc:inline /Zc:rvalueCast /GR /Fo"cmTC_68e09.dir\Debug\\" /Fd"cmTC_68e09.dir\Debug\vc142.pdb" /Gd /TP /wd4141 /wd4146 /wd4180 /wd4244 /wd4258 /wd4267 /wd4291 /wd4345 /wd4351 /wd4355 /wd4456 /wd4457 /wd4458 /wd4459 /wd4503 /wd4624 /wd4722 /wd4800 /wd4100 /wd4127 /wd4512 /wd4505 /wd4610 /wd4510 /wd4702 /wd4245 /wd4706 /wd4310 /wd4701 /wd4703 /wd4389 /wd4611 /wd4805 /wd4204 /wd4577 /wd4091 /wd4592 /wd4319 /wd4324 /errorReport:queue /we4238  -w14062 C:\Users\Scott\build_release\CMakeFiles\CMakeTmp\src.cxx
C:\Users\Scott\build_release\CMakeFiles\CMakeTmp\src.cxx(1,24): error C2059: syntax error: '&&' [C:\Users\Scott\build_release\CMakeFiles\CMakeTmp\cmTC_68e09.vcxproj]
C:\Users\Scott\build_release\CMakeFiles\CMakeTmp\src.cxx(1,38): error C2059: syntax error: '*' [C:\Users\Scott\build_release\CMakeFiles\CMakeTmp\cmTC_68e09.vcxproj]


Source file was:
int main() { void *p = &&label; goto *p; label: return 0; }
Performing C++ SOURCE FILE Test HAVE_GC_SECTIONS failed with the following output:
Change Dir: C:/Users/Scott/build_release/CMakeFiles/CMakeTmp

Run Build Command(s):C:/Program Files (x86)/Microsoft Visual Studio/2019/Community/MSBuild/Current/Bin/MSBuild.exe cmTC_9402d.vcxproj /p:Configuration=Debug /p:Platform=x64 /p:VisualStudioVersion=16.0 /v:m && Microsoft (R) Build Engine version 16.8.3+39993bd9d for .NET Framework
Copyright (C) Microsoft Corporation. All rights reserved.

  Microsoft (R) C/C++ Optimizing Compiler Version 19.28.29336 for x64
  Copyright (C) Microsoft Corporation.  All rights reserved.
  src.cxx
  cl /c /Zi /W3 /WX- /diagnostics:column /Od /Ob0 /Oi /D WIN32 /D _WINDOWS /D HAVE_GC_SECTIONS /D "CMAKE_INTDIR=\"Debug\"" /D _MBCS /Gm- /RTC1 /MDd /GS /fp:precise /Zc:wchar_t /Zc:forScope /Zc:inline /Zc:rvalueCast /GR /Fo"cmTC_9402d.dir\Debug\\" /Fd"cmTC_9402d.dir\Debug\vc142.pdb" /Gd /TP /wd4141 /wd4146 /wd4180 /wd4244 /wd4258 /wd4267 /wd4291 /wd4345 /wd4351 /wd4355 /wd4456 /wd4457 /wd4458 /wd4459 /wd4503 /wd4624 /wd4722 /wd4800 /wd4100 /wd4127 /wd4512 /wd4505 /wd4610 /wd4510 /wd4702 /wd4245 /wd4706 /wd4310 /wd4701 /wd4703 /wd4389 /wd4611 /wd4805 /wd4204 /wd4577 /wd4091 /wd4592 /wd4319 /wd4324 /errorReport:queue /we4238  -w14062 C:\Users\Scott\build_release\CMakeFiles\CMakeTmp\src.cxx
LINK : warning LNK4044: unrecognized option '/-gc-sections'; ignored [C:\Users\Scott\build_release\CMakeFiles\CMakeTmp\cmTC_9402d.vcxproj]
  cmTC_9402d.vcxproj -> C:\Users\Scott\build_release\CMakeFiles\CMakeTmp\Debug\cmTC_9402d.exe


Source file was:
int main() { return 0; }
Determining if the include file dlfcn.h exists failed with the following output:
Change Dir: C:/Users/Scott/build_release/CMakeFiles/CMakeTmp

Run Build Command(s):C:/Program Files (x86)/Microsoft Visual Studio/2019/Community/MSBuild/Current/Bin/MSBuild.exe cmTC_e882f.vcxproj /p:Configuration=Debug /p:Platform=x64 /p:VisualStudioVersion=16.0 /v:m && Microsoft (R) Build Engine version 16.8.3+39993bd9d for .NET Framework
Copyright (C) Microsoft Corporation. All rights reserved.

  Microsoft (R) C/C++ Optimizing Compiler Version 19.28.29336 for x64
  Copyright (C) Microsoft Corporation.  All rights reserved.
  CheckIncludeFile.c
  cl /c /Zi /W3 /WX- /diagnostics:column /Od /Ob0 /Oi /D WIN32 /D _WINDOWS /D "CMAKE_INTDIR=\"Debug\"" /D _MBCS /Gm- /RTC1 /MDd /GS /fp:precise /Zc:wchar_t /Zc:forScope /Zc:inline /Fo"cmTC_e882f.dir\Debug\\" /Fd"cmTC_e882f.dir\Debug\vc142.pdb" /Gd /TC /wd4141 /wd4146 /wd4180 /wd4244 /wd4258 /wd4267 /wd4291 /wd4345 /wd4351 /wd4355 /wd4456 /wd4457 /wd4458 /wd4459 /wd4503 /wd4624 /wd4722 /wd4800 /wd4100 /wd4127 /wd4512 /wd4505 /wd4610 /wd4510 /wd4702 /wd4245 /wd4706 /wd4310 /wd4701 /wd4703 /wd4389 /wd4611 /wd4805 /wd4204 /wd4577 /wd4091 /wd4592 /wd4319 /wd4324 /errorReport:queue /we4238  -w14062 C:\Users\Scott\build_release\CMakeFiles\CMakeTmp\CheckIncludeFile.c
C:\Users\Scott\build_release\CMakeFiles\CMakeTmp\CheckIncludeFile.c(1,10): fatal error C1083: Cannot open include file: 'dlfcn.h': No such file or directory [C:\Users\Scott\build_release\CMakeFiles\CMakeTmp\cmTC_e882f.vcxproj]



Determining if the include file link.h exists failed with the following output:
Change Dir: C:/Users/Scott/build_release/CMakeFiles/CMakeTmp

Run Build Command(s):C:/Program Files (x86)/Microsoft Visual Studio/2019/Community/MSBuild/Current/Bin/MSBuild.exe cmTC_84dd1.vcxproj /p:Configuration=Debug /p:Platform=x64 /p:VisualStudioVersion=16.0 /v:m && Microsoft (R) Build Engine version 16.8.3+39993bd9d for .NET Framework
Copyright (C) Microsoft Corporation. All rights reserved.

  Microsoft (R) C/C++ Optimizing Compiler Version 19.28.29336 for x64
  Copyright (C) Microsoft Corporation.  All rights reserved.
  CheckIncludeFile.c
  cl /c /Zi /W3 /WX- /diagnostics:column /Od /Ob0 /Oi /D WIN32 /D _WINDOWS /D "CMAKE_INTDIR=\"Debug\"" /D _MBCS /Gm- /RTC1 /MDd /GS /fp:precise /Zc:wchar_t /Zc:forScope /Zc:inline /Fo"cmTC_84dd1.dir\Debug\\" /Fd"cmTC_84dd1.dir\Debug\vc142.pdb" /Gd /TC /wd4141 /wd4146 /wd4180 /wd4244 /wd4258 /wd4267 /wd4291 /wd4345 /wd4351 /wd4355 /wd4456 /wd4457 /wd4458 /wd4459 /wd4503 /wd4624 /wd4722 /wd4800 /wd4100 /wd4127 /wd4512 /wd4505 /wd4610 /wd4510 /wd4702 /wd4245 /wd4706 /wd4310 /wd4701 /wd4703 /wd4389 /wd4611 /wd4805 /wd4204 /wd4577 /wd4091 /wd4592 /wd4319 /wd4324 /errorReport:queue /we4238  -w14062 C:\Users\Scott\build_release\CMakeFiles\CMakeTmp\CheckIncludeFile.c
C:\Users\Scott\build_release\CMakeFiles\CMakeTmp\CheckIncludeFile.c(1,10): fatal error C1083: Cannot open include file: 'link.h': No such file or directory [C:\Users\Scott\build_release\CMakeFiles\CMakeTmp\cmTC_84dd1.vcxproj]



Determining if the include file malloc/malloc.h exists failed with the following output:
Change Dir: C:/Users/Scott/build_release/CMakeFiles/CMakeTmp

Run Build Command(s):C:/Program Files (x86)/Microsoft Visual Studio/2019/Community/MSBuild/Current/Bin/MSBuild.exe cmTC_93887.vcxproj /p:Configuration=Debug /p:Platform=x64 /p:VisualStudioVersion=16.0 /v:m && Microsoft (R) Build Engine version 16.8.3+39993bd9d for .NET Framework
Copyright (C) Microsoft Corporation. All rights reserved.

  Microsoft (R) C/C++ Optimizing Compiler Version 19.28.29336 for x64
  Copyright (C) Microsoft Corporation.  All rights reserved.
  CheckIncludeFile.c
C:\Users\Scott\build_release\CMakeFiles\CMakeTmp\CheckIncludeFile.c(1,10): fatal error C1083: Cannot open include file: 'malloc/malloc.h': No such file or directory [C:\Users\Scott\build_release\CMakeFiles\CMakeTmp\cmTC_93887.vcxproj]
  cl /c /Zi /W3 /WX- /diagnostics:column /Od /Ob0 /Oi /D WIN32 /D _WINDOWS /D "CMAKE_INTDIR=\"Debug\"" /D _MBCS /Gm- /RTC1 /MDd /GS /fp:precise /Zc:wchar_t /Zc:forScope /Zc:inline /Fo"cmTC_93887.dir\Debug\\" /Fd"cmTC_93887.dir\Debug\vc142.pdb" /Gd /TC /wd4141 /wd4146 /wd4180 /wd4244 /wd4258 /wd4267 /wd4291 /wd4345 /wd4351 /wd4355 /wd4456 /wd4457 /wd4458 /wd4459 /wd4503 /wd4624 /wd4722 /wd4800 /wd4100 /wd4127 /wd4512 /wd4505 /wd4610 /wd4510 /wd4702 /wd4245 /wd4706 /wd4310 /wd4701 /wd4703 /wd4389 /wd4611 /wd4805 /wd4204 /wd4577 /wd4091 /wd4592 /wd4319 /wd4324 /errorReport:queue /we4238  -w14062 C:\Users\Scott\build_release\CMakeFiles\CMakeTmp\CheckIncludeFile.c



Determining if the include file sys/ioctl.h exists failed with the following output:
Change Dir: C:/Users/Scott/build_release/CMakeFiles/CMakeTmp

Run Build Command(s):C:/Program Files (x86)/Microsoft Visual Studio/2019/Community/MSBuild/Current/Bin/MSBuild.exe cmTC_25b36.vcxproj /p:Configuration=Debug /p:Platform=x64 /p:VisualStudioVersion=16.0 /v:m && Microsoft (R) Build Engine version 16.8.3+39993bd9d for .NET Framework
Copyright (C) Microsoft Corporation. All rights reserved.

  Microsoft (R) C/C++ Optimizing Compiler Version 19.28.29336 for x64
  Copyright (C) Microsoft Corporation.  All rights reserved.
  CheckIncludeFile.c
C:\Users\Scott\build_release\CMakeFiles\CMakeTmp\CheckIncludeFile.c(1,10): fatal error C1083: Cannot open include file: 'sys/ioctl.h': No such file or directory [C:\Users\Scott\build_release\CMakeFiles\CMakeTmp\cmTC_25b36.vcxproj]
  cl /c /Zi /W3 /WX- /diagnostics:column /Od /Ob0 /Oi /D WIN32 /D _WINDOWS /D "CMAKE_INTDIR=\"Debug\"" /D _MBCS /Gm- /RTC1 /MDd /GS /fp:precise /Zc:wchar_t /Zc:forScope /Zc:inline /Fo"cmTC_25b36.dir\Debug\\" /Fd"cmTC_25b36.dir\Debug\vc142.pdb" /Gd /TC /wd4141 /wd4146 /wd4180 /wd4244 /wd4258 /wd4267 /wd4291 /wd4345 /wd4351 /wd4355 /wd4456 /wd4457 /wd4458 /wd4459 /wd4503 /wd4624 /wd4722 /wd4800 /wd4100 /wd4127 /wd4512 /wd4505 /wd4610 /wd4510 /wd4702 /wd4245 /wd4706 /wd4310 /wd4701 /wd4703 /wd4389 /wd4611 /wd4805 /wd4204 /wd4577 /wd4091 /wd4592 /wd4319 /wd4324 /errorReport:queue /we4238  -w14062 C:\Users\Scott\build_release\CMakeFiles\CMakeTmp\CheckIncludeFile.c



Determining if the include file sys/mman.h exists failed with the following output:
Change Dir: C:/Users/Scott/build_release/CMakeFiles/CMakeTmp

Run Build Command(s):C:/Program Files (x86)/Microsoft Visual Studio/2019/Community/MSBuild/Current/Bin/MSBuild.exe cmTC_45470.vcxproj /p:Configuration=Debug /p:Platform=x64 /p:VisualStudioVersion=16.0 /v:m && Microsoft (R) Build Engine version 16.8.3+39993bd9d for .NET Framework
Copyright (C) Microsoft Corporation. All rights reserved.

  Microsoft (R) C/C++ Optimizing Compiler Version 19.28.29336 for x64
  Copyright (C) Microsoft Corporation.  All rights reserved.
  CheckIncludeFile.c
C:\Users\Scott\build_release\CMakeFiles\CMakeTmp\CheckIncludeFile.c(1,10): fatal error C1083: Cannot open include file: 'sys/mman.h': No such file or directory [C:\Users\Scott\build_release\CMakeFiles\CMakeTmp\cmTC_45470.vcxproj]
  cl /c /Zi /W3 /WX- /diagnostics:column /Od /Ob0 /Oi /D WIN32 /D _WINDOWS /D "CMAKE_INTDIR=\"Debug\"" /D _MBCS /Gm- /RTC1 /MDd /GS /fp:precise /Zc:wchar_t /Zc:forScope /Zc:inline /Fo"cmTC_45470.dir\Debug\\" /Fd"cmTC_45470.dir\Debug\vc142.pdb" /Gd /TC /wd4141 /wd4146 /wd4180 /wd4244 /wd4258 /wd4267 /wd4291 /wd4345 /wd4351 /wd4355 /wd4456 /wd4457 /wd4458 /wd4459 /wd4503 /wd4624 /wd4722 /wd4800 /wd4100 /wd4127 /wd4512 /wd4505 /wd4610 /wd4510 /wd4702 /wd4245 /wd4706 /wd4310 /wd4701 /wd4703 /wd4389 /wd4611 /wd4805 /wd4204 /wd4577 /wd4091 /wd4592 /wd4319 /wd4324 /errorReport:queue /we4238  -w14062 C:\Users\Scott\build_release\CMakeFiles\CMakeTmp\CheckIncludeFile.c



Determining if the include file sys/param.h exists failed with the following output:
Change Dir: C:/Users/Scott/build_release/CMakeFiles/CMakeTmp

Run Build Command(s):C:/Program Files (x86)/Microsoft Visual Studio/2019/Community/MSBuild/Current/Bin/MSBuild.exe cmTC_70b4a.vcxproj /p:Configuration=Debug /p:Platform=x64 /p:VisualStudioVersion=16.0 /v:m && Microsoft (R) Build Engine version 16.8.3+39993bd9d for .NET Framework
Copyright (C) Microsoft Corporation. All rights reserved.

  Microsoft (R) C/C++ Optimizing Compiler Version 19.28.29336 for x64
  Copyright (C) Microsoft Corporation.  All rights reserved.
  CheckIncludeFile.c
C:\Users\Scott\build_release\CMakeFiles\CMakeTmp\CheckIncludeFile.c(1,10): fatal error C1083: Cannot open include file: 'sys/param.h': No such file or directory [C:\Users\Scott\build_release\CMakeFiles\CMakeTmp\cmTC_70b4a.vcxproj]
  cl /c /Zi /W3 /WX- /diagnostics:column /Od /Ob0 /Oi /D WIN32 /D _WINDOWS /D "CMAKE_INTDIR=\"Debug\"" /D _MBCS /Gm- /RTC1 /MDd /GS /fp:precise /Zc:wchar_t /Zc:forScope /Zc:inline /Fo"cmTC_70b4a.dir\Debug\\" /Fd"cmTC_70b4a.dir\Debug\vc142.pdb" /Gd /TC /wd4141 /wd4146 /wd4180 /wd4244 /wd4258 /wd4267 /wd4291 /wd4345 /wd4351 /wd4355 /wd4456 /wd4457 /wd4458 /wd4459 /wd4503 /wd4624 /wd4722 /wd4800 /wd4100 /wd4127 /wd4512 /wd4505 /wd4610 /wd4510 /wd4702 /wd4245 /wd4706 /wd4310 /wd4701 /wd4703 /wd4389 /wd4611 /wd4805 /wd4204 /wd4577 /wd4091 /wd4592 /wd4319 /wd4324 /errorReport:queue /we4238  -w14062 C:\Users\Scott\build_release\CMakeFiles\CMakeTmp\CheckIncludeFile.c



Determining if the include file sys/resource.h exists failed with the following output:
Change Dir: C:/Users/Scott/build_release/CMakeFiles/CMakeTmp

Run Build Command(s):C:/Program Files (x86)/Microsoft Visual Studio/2019/Community/MSBuild/Current/Bin/MSBuild.exe cmTC_e1d8d.vcxproj /p:Configuration=Debug /p:Platform=x64 /p:VisualStudioVersion=16.0 /v:m && Microsoft (R) Build Engine version 16.8.3+39993bd9d for .NET Framework
Copyright (C) Microsoft Corporation. All rights reserved.

  Microsoft (R) C/C++ Optimizing Compiler Version 19.28.29336 for x64
  Copyright (C) Microsoft Corporation.  All rights reserved.
  CheckIncludeFile.c
C:\Users\Scott\build_release\CMakeFiles\CMakeTmp\CheckIncludeFile.c(1,10): fatal error C1083: Cannot open include file: 'sys/resource.h': No such file or directory [C:\Users\Scott\build_release\CMakeFiles\CMakeTmp\cmTC_e1d8d.vcxproj]
  cl /c /Zi /W3 /WX- /diagnostics:column /Od /Ob0 /Oi /D WIN32 /D _WINDOWS /D "CMAKE_INTDIR=\"Debug\"" /D _MBCS /Gm- /RTC1 /MDd /GS /fp:precise /Zc:wchar_t /Zc:forScope /Zc:inline /Fo"cmTC_e1d8d.dir\Debug\\" /Fd"cmTC_e1d8d.dir\Debug\vc142.pdb" /Gd /TC /wd4141 /wd4146 /wd4180 /wd4244 /wd4258 /wd4267 /wd4291 /wd4345 /wd4351 /wd4355 /wd4456 /wd4457 /wd4458 /wd4459 /wd4503 /wd4624 /wd4722 /wd4800 /wd4100 /wd4127 /wd4512 /wd4505 /wd4610 /wd4510 /wd4702 /wd4245 /wd4706 /wd4310 /wd4701 /wd4703 /wd4389 /wd4611 /wd4805 /wd4204 /wd4577 /wd4091 /wd4592 /wd4319 /wd4324 /errorReport:queue /we4238  -w14062 C:\Users\Scott\build_release\CMakeFiles\CMakeTmp\CheckIncludeFile.c



Determining if the include file sys/time.h exists failed with the following output:
Change Dir: C:/Users/Scott/build_release/CMakeFiles/CMakeTmp

Run Build Command(s):C:/Program Files (x86)/Microsoft Visual Studio/2019/Community/MSBuild/Current/Bin/MSBuild.exe cmTC_0af66.vcxproj /p:Configuration=Debug /p:Platform=x64 /p:VisualStudioVersion=16.0 /v:m && Microsoft (R) Build Engine version 16.8.3+39993bd9d for .NET Framework
Copyright (C) Microsoft Corporation. All rights reserved.

  Microsoft (R) C/C++ Optimizing Compiler Version 19.28.29336 for x64
  Copyright (C) Microsoft Corporation.  All rights reserved.
  CheckIncludeFile.c
C:\Users\Scott\build_release\CMakeFiles\CMakeTmp\CheckIncludeFile.c(1,10): fatal error C1083: Cannot open include file: 'sys/time.h': No such file or directory [C:\Users\Scott\build_release\CMakeFiles\CMakeTmp\cmTC_0af66.vcxproj]
  cl /c /Zi /W3 /WX- /diagnostics:column /Od /Ob0 /Oi /D WIN32 /D _WINDOWS /D "CMAKE_INTDIR=\"Debug\"" /D _MBCS /Gm- /RTC1 /MDd /GS /fp:precise /Zc:wchar_t /Zc:forScope /Zc:inline /Fo"cmTC_0af66.dir\Debug\\" /Fd"cmTC_0af66.dir\Debug\vc142.pdb" /Gd /TC /wd4141 /wd4146 /wd4180 /wd4244 /wd4258 /wd4267 /wd4291 /wd4345 /wd4351 /wd4355 /wd4456 /wd4457 /wd4458 /wd4459 /wd4503 /wd4624 /wd4722 /wd4800 /wd4100 /wd4127 /wd4512 /wd4505 /wd4610 /wd4510 /wd4702 /wd4245 /wd4706 /wd4310 /wd4701 /wd4703 /wd4389 /wd4611 /wd4805 /wd4204 /wd4577 /wd4091 /wd4592 /wd4319 /wd4324 /errorReport:queue /we4238  -w14062 C:\Users\Scott\build_release\CMakeFiles\CMakeTmp\CheckIncludeFile.c



Determining if the include file termios.h exists failed with the following output:
Change Dir: C:/Users/Scott/build_release/CMakeFiles/CMakeTmp

Run Build Command(s):C:/Program Files (x86)/Microsoft Visual Studio/2019/Community/MSBuild/Current/Bin/MSBuild.exe cmTC_0b49d.vcxproj /p:Configuration=Debug /p:Platform=x64 /p:VisualStudioVersion=16.0 /v:m && Microsoft (R) Build Engine version 16.8.3+39993bd9d for .NET Framework
Copyright (C) Microsoft Corporation. All rights reserved.

  Microsoft (R) C/C++ Optimizing Compiler Version 19.28.29336 for x64
  Copyright (C) Microsoft Corporation.  All rights reserved.
  CheckIncludeFile.c
  cl /c /Zi /W3 /WX- /diagnostics:column /Od /Ob0 /Oi /D WIN32 /D _WINDOWS /D "CMAKE_INTDIR=\"Debug\"" /D _MBCS /Gm- /RTC1 /MDd /GS /fp:precise /Zc:wchar_t /Zc:forScope /Zc:inline /Fo"cmTC_0b49d.dir\Debug\\" /Fd"cmTC_0b49d.dir\Debug\vc142.pdb" /Gd /TC /wd4141 /wd4146 /wd4180 /wd4244 /wd4258 /wd4267 /wd4291 /wd4345 /wd4351 /wd4355 /wd4456 /wd4457 /wd4458 /wd4459 /wd4503 /wd4624 /wd4722 /wd4800 /wd4100 /wd4127 /wd4512 /wd4505 /wd4610 /wd4510 /wd4702 /wd4245 /wd4706 /wd4310 /wd4701 /wd4703 /wd4389 /wd4611 /wd4805 /wd4204 /wd4577 /wd4091 /wd4592 /wd4319 /wd4324 /errorReport:queue /we4238  -w14062 C:\Users\Scott\build_release\CMakeFiles\CMakeTmp\CheckIncludeFile.c
C:\Users\Scott\build_release\CMakeFiles\CMakeTmp\CheckIncludeFile.c(1,10): fatal error C1083: Cannot open include file: 'termios.h': No such file or directory [C:\Users\Scott\build_release\CMakeFiles\CMakeTmp\cmTC_0b49d.vcxproj]



Determining if the include file unistd.h exists failed with the following output:
Change Dir: C:/Users/Scott/build_release/CMakeFiles/CMakeTmp

Run Build Command(s):C:/Program Files (x86)/Microsoft Visual Studio/2019/Community/MSBuild/Current/Bin/MSBuild.exe cmTC_c3966.vcxproj /p:Configuration=Debug /p:Platform=x64 /p:VisualStudioVersion=16.0 /v:m && Microsoft (R) Build Engine version 16.8.3+39993bd9d for .NET Framework
Copyright (C) Microsoft Corporation. All rights reserved.

  Microsoft (R) C/C++ Optimizing Compiler Version 19.28.29336 for x64
  Copyright (C) Microsoft Corporation.  All rights reserved.
  CheckIncludeFile.c
  cl /c /Zi /W3 /WX- /diagnostics:column /Od /Ob0 /Oi /D WIN32 /D _WINDOWS /D "CMAKE_INTDIR=\"Debug\"" /D _MBCS /Gm- /RTC1 /MDd /GS /fp:precise /Zc:wchar_t /Zc:forScope /Zc:inline /Fo"cmTC_c3966.dir\Debug\\" /Fd"cmTC_c3966.dir\Debug\vc142.pdb" /Gd /TC /wd4141 /wd4146 /wd4180 /wd4244 /wd4258 /wd4267 /wd4291 /wd4345 /wd4351 /wd4355 /wd4456 /wd4457 /wd4458 /wd4459 /wd4503 /wd4624 /wd4722 /wd4800 /wd4100 /wd4127 /wd4512 /wd4505 /wd4610 /wd4510 /wd4702 /wd4245 /wd4706 /wd4310 /wd4701 /wd4703 /wd4389 /wd4611 /wd4805 /wd4204 /wd4577 /wd4091 /wd4592 /wd4319 /wd4324 /errorReport:queue /we4238  -w14062 C:\Users\Scott\build_release\CMakeFiles\CMakeTmp\CheckIncludeFile.c
C:\Users\Scott\build_release\CMakeFiles\CMakeTmp\CheckIncludeFile.c(1,10): fatal error C1083: Cannot open include file: 'unistd.h': No such file or directory [C:\Users\Scott\build_release\CMakeFiles\CMakeTmp\cmTC_c3966.vcxproj]



Determining if the include file valgrind/valgrind.h exists failed with the following output:
Change Dir: C:/Users/Scott/build_release/CMakeFiles/CMakeTmp

Run Build Command(s):C:/Program Files (x86)/Microsoft Visual Studio/2019/Community/MSBuild/Current/Bin/MSBuild.exe cmTC_d2435.vcxproj /p:Configuration=Debug /p:Platform=x64 /p:VisualStudioVersion=16.0 /v:m && Microsoft (R) Build Engine version 16.8.3+39993bd9d for .NET Framework
Copyright (C) Microsoft Corporation. All rights reserved.

  Microsoft (R) C/C++ Optimizing Compiler Version 19.28.29336 for x64
  Copyright (C) Microsoft Corporation.  All rights reserved.
  CheckIncludeFile.c
C:\Users\Scott\build_release\CMakeFiles\CMakeTmp\CheckIncludeFile.c(1,10): fatal error C1083: Cannot open include file: 'valgrind/valgrind.h': No such file or directory [C:\Users\Scott\build_release\CMakeFiles\CMakeTmp\cmTC_d2435.vcxproj]
  cl /c /Zi /W3 /WX- /diagnostics:column /Od /Ob0 /Oi /D WIN32 /D _WINDOWS /D "CMAKE_INTDIR=\"Debug\"" /D _MBCS /Gm- /RTC1 /MDd /GS /fp:precise /Zc:wchar_t /Zc:forScope /Zc:inline /Fo"cmTC_d2435.dir\Debug\\" /Fd"cmTC_d2435.dir\Debug\vc142.pdb" /Gd /TC /wd4141 /wd4146 /wd4180 /wd4244 /wd4258 /wd4267 /wd4291 /wd4345 /wd4351 /wd4355 /wd4456 /wd4457 /wd4458 /wd4459 /wd4503 /wd4624 /wd4722 /wd4800 /wd4100 /wd4127 /wd4512 /wd4505 /wd4610 /wd4510 /wd4702 /wd4245 /wd4706 /wd4310 /wd4701 /wd4703 /wd4389 /wd4611 /wd4805 /wd4204 /wd4577 /wd4091 /wd4592 /wd4319 /wd4324 /errorReport:queue /we4238  -w14062 C:\Users\Scott\build_release\CMakeFiles\CMakeTmp\CheckIncludeFile.c



Determining if the include file zlib.h exists failed with the following output:
Change Dir: C:/Users/Scott/build_release/CMakeFiles/CMakeTmp

Run Build Command(s):C:/Program Files (x86)/Microsoft Visual Studio/2019/Community/MSBuild/Current/Bin/MSBuild.exe cmTC_d2518.vcxproj /p:Configuration=Debug /p:Platform=x64 /p:VisualStudioVersion=16.0 /v:m && Microsoft (R) Build Engine version 16.8.3+39993bd9d for .NET Framework
Copyright (C) Microsoft Corporation. All rights reserved.

  Microsoft (R) C/C++ Optimizing Compiler Version 19.28.29336 for x64
  Copyright (C) Microsoft Corporation.  All rights reserved.
  CheckIncludeFile.c
  cl /c /Zi /W3 /WX- /diagnostics:column /Od /Ob0 /Oi /D WIN32 /D _WINDOWS /D "CMAKE_INTDIR=\"Debug\"" /D _MBCS /Gm- /RTC1 /MDd /GS /fp:precise /Zc:wchar_t /Zc:forScope /Zc:inline /Fo"cmTC_d2518.dir\Debug\\" /Fd"cmTC_d2518.dir\Debug\vc142.pdb" /Gd /TC /wd4141 /wd4146 /wd4180 /wd4244 /wd4258 /wd4267 /wd4291 /wd4345 /wd4351 /wd4355 /wd4456 /wd4457 /wd4458 /wd4459 /wd4503 /wd4624 /wd4722 /wd4800 /wd4100 /wd4127 /wd4512 /wd4505 /wd4610 /wd4510 /wd4702 /wd4245 /wd4706 /wd4310 /wd4701 /wd4703 /wd4389 /wd4611 /wd4805 /wd4204 /wd4577 /wd4091 /wd4592 /wd4319 /wd4324 /errorReport:queue /we4238  -w14062 C:\Users\Scott\build_release\CMakeFiles\CMakeTmp\CheckIncludeFile.c
C:\Users\Scott\build_release\CMakeFiles\CMakeTmp\CheckIncludeFile.c(1,10): fatal error C1083: Cannot open include file: 'zlib.h': No such file or directory [C:\Users\Scott\build_release\CMakeFiles\CMakeTmp\cmTC_d2518.vcxproj]



Determining if the include file mach/mach.h exists failed with the following output:
Change Dir: C:/Users/Scott/build_release/CMakeFiles/CMakeTmp

Run Build Command(s):C:/Program Files (x86)/Microsoft Visual Studio/2019/Community/MSBuild/Current/Bin/MSBuild.exe cmTC_f5636.vcxproj /p:Configuration=Debug /p:Platform=x64 /p:VisualStudioVersion=16.0 /v:m && Microsoft (R) Build Engine version 16.8.3+39993bd9d for .NET Framework
Copyright (C) Microsoft Corporation. All rights reserved.

  Microsoft (R) C/C++ Optimizing Compiler Version 19.28.29336 for x64
  Copyright (C) Microsoft Corporation.  All rights reserved.
  CheckIncludeFile.c
C:\Users\Scott\build_release\CMakeFiles\CMakeTmp\CheckIncludeFile.c(1,10): fatal error C1083: Cannot open include file: 'mach/mach.h': No such file or directory [C:\Users\Scott\build_release\CMakeFiles\CMakeTmp\cmTC_f5636.vcxproj]
  cl /c /Zi /W3 /WX- /diagnostics:column /Od /Ob0 /Oi /D WIN32 /D _WINDOWS /D "CMAKE_INTDIR=\"Debug\"" /D _MBCS /Gm- /RTC1 /MDd /GS /fp:precise /Zc:wchar_t /Zc:forScope /Zc:inline /Fo"cmTC_f5636.dir\Debug\\" /Fd"cmTC_f5636.dir\Debug\vc142.pdb" /Gd /TC /wd4141 /wd4146 /wd4180 /wd4244 /wd4258 /wd4267 /wd4291 /wd4345 /wd4351 /wd4355 /wd4456 /wd4457 /wd4458 /wd4459 /wd4503 /wd4624 /wd4722 /wd4800 /wd4100 /wd4127 /wd4512 /wd4505 /wd4610 /wd4510 /wd4702 /wd4245 /wd4706 /wd4310 /wd4701 /wd4703 /wd4389 /wd4611 /wd4805 /wd4204 /wd4577 /wd4091 /wd4592 /wd4319 /wd4324 /errorReport:queue /we4238  -w14062 C:\Users\Scott\build_release\CMakeFiles\CMakeTmp\CheckIncludeFile.c



Determining if the include file histedit.h exists failed with the following output:
Change Dir: C:/Users/Scott/build_release/CMakeFiles/CMakeTmp

Run Build Command(s):C:/Program Files (x86)/Microsoft Visual Studio/2019/Community/MSBuild/Current/Bin/MSBuild.exe cmTC_dd2ee.vcxproj /p:Configuration=Debug /p:Platform=x64 /p:VisualStudioVersion=16.0 /v:m && Microsoft (R) Build Engine version 16.8.3+39993bd9d for .NET Framework
Copyright (C) Microsoft Corporation. All rights reserved.

  Microsoft (R) C/C++ Optimizing Compiler Version 19.28.29336 for x64
  Copyright (C) Microsoft Corporation.  All rights reserved.
  CheckIncludeFile.c
  cl /c /Zi /W3 /WX- /diagnostics:column /Od /Ob0 /Oi /D WIN32 /D _WINDOWS /D "CMAKE_INTDIR=\"Debug\"" /D _MBCS /Gm- /RTC1 /MDd /GS /fp:precise /Zc:wchar_t /Zc:forScope /Zc:inline /Fo"cmTC_dd2ee.dir\Debug\\" /Fd"cmTC_dd2ee.dir\Debug\vc142.pdb" /Gd /TC /wd4141 /wd4146 /wd4180 /wd4244 /wd4258 /wd4267 /wd4291 /wd4345 /wd4351 /wd4355 /wd4456 /wd4457 /wd4458 /wd4459 /wd4503 /wd4624 /wd4722 /wd4800 /wd4100 /wd4127 /wd4512 /wd4505 /wd4610 /wd4510 /wd4702 /wd4245 /wd4706 /wd4310 /wd4701 /wd4703 /wd4389 /wd4611 /wd4805 /wd4204 /wd4577 /wd4091 /wd4592 /wd4319 /wd4324 /errorReport:queue /we4238  -w14062 C:\Users\Scott\build_release\CMakeFiles\CMakeTmp\CheckIncludeFile.c
C:\Users\Scott\build_release\CMakeFiles\CMakeTmp\CheckIncludeFile.c(1,10): fatal error C1083: Cannot open include file: 'histedit.h': No such file or directory [C:\Users\Scott\build_release\CMakeFiles\CMakeTmp\cmTC_dd2ee.vcxproj]



Determining if the include file CrashReporterClient.h exists failed with the following output:
Change Dir: C:/Users/Scott/build_release/CMakeFiles/CMakeTmp

Run Build Command(s):C:/Program Files (x86)/Microsoft Visual Studio/2019/Community/MSBuild/Current/Bin/MSBuild.exe cmTC_e1ba2.vcxproj /p:Configuration=Debug /p:Platform=x64 /p:VisualStudioVersion=16.0 /v:m && Microsoft (R) Build Engine version 16.8.3+39993bd9d for .NET Framework
Copyright (C) Microsoft Corporation. All rights reserved.

  Microsoft (R) C/C++ Optimizing Compiler Version 19.28.29336 for x64
  Copyright (C) Microsoft Corporation.  All rights reserved.
  CheckIncludeFile.c
  cl /c /Zi /W3 /WX- /diagnostics:column /Od /Ob0 /Oi /D WIN32 /D _WINDOWS /D "CMAKE_INTDIR=\"Debug\"" /D _MBCS /Gm- /RTC1 /MDd /GS /fp:precise /Zc:wchar_t /Zc:forScope /Zc:inline /Fo"cmTC_e1ba2.dir\Debug\\" /Fd"cmTC_e1ba2.dir\Debug\vc142.pdb" /Gd /TC /wd4141 /wd4146 /wd4180 /wd4244 /wd4258 /wd4267 /wd4291 /wd4345 /wd4351 /wd4355 /wd4456 /wd4457 /wd4458 /wd4459 /wd4503 /wd4624 /wd4722 /wd4800 /wd4100 /wd4127 /wd4512 /wd4505 /wd4610 /wd4510 /wd4702 /wd4245 /wd4706 /wd4310 /wd4701 /wd4703 /wd4389 /wd4611 /wd4805 /wd4204 /wd4577 /wd4091 /wd4592 /wd4319 /wd4324 /errorReport:queue /we4238  -w14062 C:\Users\Scott\build_release\CMakeFiles\CMakeTmp\CheckIncludeFile.c
C:\Users\Scott\build_release\CMakeFiles\CMakeTmp\CheckIncludeFile.c(1,10): fatal error C1083: Cannot open include file: 'CrashReporterClient.h': No such file or directory [C:\Users\Scott\build_release\CMakeFiles\CMakeTmp\cmTC_e1ba2.vcxproj]



Determining if the function xar_open exists in the xar failed with the following output:
Change Dir: C:/Users/Scott/build_release/CMakeFiles/CMakeTmp

Run Build Command(s):C:/Program Files (x86)/Microsoft Visual Studio/2019/Community/MSBuild/Current/Bin/MSBuild.exe cmTC_6560e.vcxproj /p:Configuration=Debug /p:Platform=x64 /p:VisualStudioVersion=16.0 /v:m && Microsoft (R) Build Engine version 16.8.3+39993bd9d for .NET Framework
Copyright (C) Microsoft Corporation. All rights reserved.

  Microsoft (R) C/C++ Optimizing Compiler Version 19.28.29336 for x64
  Copyright (C) Microsoft Corporation.  All rights reserved.
  CheckFunctionExists.c
  cl /c /Zi /W3 /WX- /diagnostics:column /Od /Ob0 /Oi /D WIN32 /D _WINDOWS /D CHECK_FUNCTION_EXISTS=xar_open /D "CMAKE_INTDIR=\"Debug\"" /D _MBCS /Gm- /RTC1 /MDd /GS /fp:precise /Zc:wchar_t /Zc:forScope /Zc:inline /Fo"cmTC_6560e.dir\Debug\\" /Fd"cmTC_6560e.dir\Debug\vc142.pdb" /Gd /TC /wd4141 /wd4146 /wd4180 /wd4244 /wd4258 /wd4267 /wd4291 /wd4345 /wd4351 /wd4355 /wd4456 /wd4457 /wd4458 /wd4459 /wd4503 /wd4624 /wd4722 /wd4800 /wd4100 /wd4127 /wd4512 /wd4505 /wd4610 /wd4510 /wd4702 /wd4245 /wd4706 /wd4310 /wd4701 /wd4703 /wd4389 /wd4611 /wd4805 /wd4204 /wd4577 /wd4091 /wd4592 /wd4319 /wd4324 /errorReport:queue /we4238  -w14062 "C:\Program Files\CMake\share\cmake-3.19\Modules\CheckFunctionExists.c"
LINK : fatal error LNK1104: cannot open file 'xar.lib' [C:\Users\Scott\build_release\CMakeFiles\CMakeTmp\cmTC_6560e.vcxproj]



Determining if the arc4random exist failed with the following output:
Change Dir: C:/Users/Scott/build_release/CMakeFiles/CMakeTmp

Run Build Command(s):C:/Program Files (x86)/Microsoft Visual Studio/2019/Community/MSBuild/Current/Bin/MSBuild.exe cmTC_dc003.vcxproj /p:Configuration=Debug /p:Platform=x64 /p:VisualStudioVersion=16.0 /v:m && Microsoft (R) Build Engine version 16.8.3+39993bd9d for .NET Framework
Copyright (C) Microsoft Corporation. All rights reserved.

  Microsoft (R) C/C++ Optimizing Compiler Version 19.28.29336 for x64
  Copyright (C) Microsoft Corporation.  All rights reserved.
  CheckSymbolExists.c
  cl /c /Zi /W3 /WX- /diagnostics:column /Od /Ob0 /Oi /D WIN32 /D _WINDOWS /D "CMAKE_INTDIR=\"Debug\"" /D _MBCS /Gm- /RTC1 /MDd /GS /fp:precise /Zc:wchar_t /Zc:forScope /Zc:inline /Fo"cmTC_dc003.dir\Debug\\" /Fd"cmTC_dc003.dir\Debug\vc142.pdb" /Gd /TC /wd4141 /wd4146 /wd4180 /wd4244 /wd4258 /wd4267 /wd4291 /wd4345 /wd4351 /wd4355 /wd4456 /wd4457 /wd4458 /wd4459 /wd4503 /wd4624 /wd4722 /wd4800 /wd4100 /wd4127 /wd4512 /wd4505 /wd4610 /wd4510 /wd4702 /wd4245 /wd4706 /wd4310 /wd4701 /wd4703 /wd4389 /wd4611 /wd4805 /wd4204 /wd4577 /wd4091 /wd4592 /wd4319 /wd4324 /errorReport:queue /we4238  -w14062 C:\Users\Scott\build_release\CMakeFiles\CMakeTmp\CheckSymbolExists.c
C:\Users\Scott\build_release\CMakeFiles\CMakeTmp\CheckSymbolExists.c(8,29): error C2065: 'arc4random': undeclared identifier [C:\Users\Scott\build_release\CMakeFiles\CMakeTmp\cmTC_dc003.vcxproj]


File C:/Users/Scott/build_release/CMakeFiles/CMakeTmp/CheckSymbolExists.c:
/* */
#include <stdlib.h>

int main(int argc, char** argv)
{
  (void)argv;
#ifndef arc4random
  return ((int*)(&arc4random))[argc];
#else
  (void)argc;
  return 0;
#endif
}
Determining if the backtrace exist failed with the following output:
Change Dir: C:/Users/Scott/build_release/CMakeFiles/CMakeTmp

Run Build Command(s):C:/Program Files (x86)/Microsoft Visual Studio/2019/Community/MSBuild/Current/Bin/MSBuild.exe cmTC_a283c.vcxproj /p:Configuration=Debug /p:Platform=x64 /p:VisualStudioVersion=16.0 /v:m && Microsoft (R) Build Engine version 16.8.3+39993bd9d for .NET Framework
Copyright (C) Microsoft Corporation. All rights reserved.

  Microsoft (R) C/C++ Optimizing Compiler Version 19.28.29336 for x64
  Copyright (C) Microsoft Corporation.  All rights reserved.
  CheckSymbolExists.c
  cl /c /Zi /W3 /WX- /diagnostics:column /Od /Ob0 /Oi /D WIN32 /D _WINDOWS /D "CMAKE_INTDIR=\"Debug\"" /D _MBCS /Gm- /RTC1 /MDd /GS /fp:precise /Zc:wchar_t /Zc:forScope /Zc:inline /Fo"cmTC_a283c.dir\Debug\\" /Fd"cmTC_a283c.dir\Debug\vc142.pdb" /Gd /TC /wd4141 /wd4146 /wd4180 /wd4244 /wd4258 /wd4267 /wd4291 /wd4345 /wd4351 /wd4355 /wd4456 /wd4457 /wd4458 /wd4459 /wd4503 /wd4624 /wd4722 /wd4800 /wd4100 /wd4127 /wd4512 /wd4505 /wd4610 /wd4510 /wd4702 /wd4245 /wd4706 /wd4310 /wd4701 /wd4703 /wd4389 /wd4611 /wd4805 /wd4204 /wd4577 /wd4091 /wd4592 /wd4319 /wd4324 /errorReport:queue /we4238  -w14062 C:\Users\Scott\build_release\CMakeFiles\CMakeTmp\CheckSymbolExists.c
C:\Users\Scott\build_release\CMakeFiles\CMakeTmp\CheckSymbolExists.c(2,10): fatal error C1083: Cannot open include file: 'execinfo.h': No such file or directory [C:\Users\Scott\build_release\CMakeFiles\CMakeTmp\cmTC_a283c.vcxproj]


File C:/Users/Scott/build_release/CMakeFiles/CMakeTmp/CheckSymbolExists.c:
/* */
#include <execinfo.h>

int main(int argc, char** argv)
{
  (void)argv;
#ifndef backtrace
  return ((int*)(&backtrace))[argc];
#else
  (void)argc;
  return 0;
#endif
}
Performing C SOURCE FILE Test C_SUPPORTS_WERROR_UNGUARDED_AVAILABILITY_NEW failed with the following output:
Change Dir: C:/Users/Scott/build_release/CMakeFiles/CMakeTmp

Run Build Command(s):C:/Program Files (x86)/Microsoft Visual Studio/2019/Community/MSBuild/Current/Bin/MSBuild.exe cmTC_14c2a.vcxproj /p:Configuration=Debug /p:Platform=x64 /p:VisualStudioVersion=16.0 /v:m && Microsoft (R) Build Engine version 16.8.3+39993bd9d for .NET Framework
Copyright (C) Microsoft Corporation. All rights reserved.

  Microsoft (R) C/C++ Optimizing Compiler Version 19.28.29336 for x64
  Copyright (C) Microsoft Corporation.  All rights reserved.
  cl /c /Zi /W3 /WX- /diagnostics:column /Od /Ob0 /Oi /D WIN32 /D _WINDOWS /D C_SUPPORTS_WERROR_UNGUARDED_AVAILABILITY_NEW /D "CMAKE_INTDIR=\"Debug\"" /D _MBCS /Gm- /RTC1 /MDd /GS /fp:precise /Zc:wchar_t /Zc:forScope /Zc:inline /Fo"cmTC_14c2a.dir\Debug\\" /Fd"cmTC_14c2a.dir\Debug\vc142.pdb" /Gd /TC /wd4141 /wd4146 /wd4180 /wd4244 /wd4258 /wd4267 /wd4291 /wd4345 /wd4351 /wd4355 /wd4456 /wd4457 /wd4458 /wd4459 /wd4503 /wd4624 /wd4722 /wd4800 /wd4100 /wd4127 /wd4512 /wd4505 /wd4610 /wd4510 /wd4702 /wd4245 /wd4706 /wd4310 /wd4701 /wd4703 /wd4389 /wd4611 /wd4805 /wd4204 /wd4577 /wd4091 /wd4592 /wd4319 /wd4324 /errorReport:queue /we4238  -w14062 -Werror=unguarded-availability-new C:\Users\Scott\build_release\CMakeFiles\CMakeTmp\src.c
cl : command line error D8021: invalid numeric argument '/Werror=unguarded-availability-new' [C:\Users\Scott\build_release\CMakeFiles\CMakeTmp\cmTC_14c2a.vcxproj]


Source file was:
int main(void) { return 0; }
Determining if the _Unwind_Backtrace exist failed with the following output:
Change Dir: C:/Users/Scott/build_release/CMakeFiles/CMakeTmp

Run Build Command(s):C:/Program Files (x86)/Microsoft Visual Studio/2019/Community/MSBuild/Current/Bin/MSBuild.exe cmTC_71526.vcxproj /p:Configuration=Debug /p:Platform=x64 /p:VisualStudioVersion=16.0 /v:m && Microsoft (R) Build Engine version 16.8.3+39993bd9d for .NET Framework
Copyright (C) Microsoft Corporation. All rights reserved.

  Microsoft (R) C/C++ Optimizing Compiler Version 19.28.29336 for x64
  Copyright (C) Microsoft Corporation.  All rights reserved.
  CheckSymbolExists.c
  cl /c /Zi /W3 /WX- /diagnostics:column /Od /Ob0 /Oi /D WIN32 /D _WINDOWS /D "CMAKE_INTDIR=\"Debug\"" /D _MBCS /Gm- /RTC1 /MDd /GS /fp:precise /Zc:wchar_t /Zc:forScope /Zc:inline /Fo"cmTC_71526.dir\Debug\\" /Fd"cmTC_71526.dir\Debug\vc142.pdb" /Gd /TC /wd4141 /wd4146 /wd4180 /wd4244 /wd4258 /wd4267 /wd4291 /wd4345 /wd4351 /wd4355 /wd4456 /wd4457 /wd4458 /wd4459 /wd4503 /wd4624 /wd4722 /wd4800 /wd4100 /wd4127 /wd4512 /wd4505 /wd4610 /wd4510 /wd4702 /wd4245 /wd4706 /wd4310 /wd4701 /wd4703 /wd4389 /wd4611 /wd4805 /wd4204 /wd4577 /wd4091 /wd4592 /wd4319 /wd4324 /errorReport:queue /we4238  -w14062 C:\Users\Scott\build_release\CMakeFiles\CMakeTmp\CheckSymbolExists.c
C:\Users\Scott\build_release\CMakeFiles\CMakeTmp\CheckSymbolExists.c(2,10): fatal error C1083: Cannot open include file: 'unwind.h': No such file or directory [C:\Users\Scott\build_release\CMakeFiles\CMakeTmp\cmTC_71526.vcxproj]


File C:/Users/Scott/build_release/CMakeFiles/CMakeTmp/CheckSymbolExists.c:
/* */
#include <unwind.h>

int main(int argc, char** argv)
{
  (void)argv;
#ifndef _Unwind_Backtrace
  return ((int*)(&_Unwind_Backtrace))[argc];
#else
  (void)argc;
  return 0;
#endif
}
Determining if the getpagesize exist failed with the following output:
Change Dir: C:/Users/Scott/build_release/CMakeFiles/CMakeTmp

Run Build Command(s):C:/Program Files (x86)/Microsoft Visual Studio/2019/Community/MSBuild/Current/Bin/MSBuild.exe cmTC_37271.vcxproj /p:Configuration=Debug /p:Platform=x64 /p:VisualStudioVersion=16.0 /v:m && Microsoft (R) Build Engine version 16.8.3+39993bd9d for .NET Framework
Copyright (C) Microsoft Corporation. All rights reserved.

  Microsoft (R) C/C++ Optimizing Compiler Version 19.28.29336 for x64
  Copyright (C) Microsoft Corporation.  All rights reserved.
  CheckSymbolExists.c
  cl /c /Zi /W3 /WX- /diagnostics:column /Od /Ob0 /Oi /D WIN32 /D _WINDOWS /D "CMAKE_INTDIR=\"Debug\"" /D _MBCS /Gm- /RTC1 /MDd /GS /fp:precise /Zc:wchar_t /Zc:forScope /Zc:inline /Fo"cmTC_37271.dir\Debug\\" /Fd"cmTC_37271.dir\Debug\vc142.pdb" /Gd /TC /wd4141 /wd4146 /wd4180 /wd4244 /wd4258 /wd4267 /wd4291 /wd4345 /wd4351 /wd4355 /wd4456 /wd4457 /wd4458 /wd4459 /wd4503 /wd4624 /wd4722 /wd4800 /wd4100 /wd4127 /wd4512 /wd4505 /wd4610 /wd4510 /wd4702 /wd4245 /wd4706 /wd4310 /wd4701 /wd4703 /wd4389 /wd4611 /wd4805 /wd4204 /wd4577 /wd4091 /wd4592 /wd4319 /wd4324 /errorReport:queue /we4238  -w14062 C:\Users\Scott\build_release\CMakeFiles\CMakeTmp\CheckSymbolExists.c
C:\Users\Scott\build_release\CMakeFiles\CMakeTmp\CheckSymbolExists.c(2,10): fatal error C1083: Cannot open include file: 'unistd.h': No such file or directory [C:\Users\Scott\build_release\CMakeFiles\CMakeTmp\cmTC_37271.vcxproj]


File C:/Users/Scott/build_release/CMakeFiles/CMakeTmp/CheckSymbolExists.c:
/* */
#include <unistd.h>

int main(int argc, char** argv)
{
  (void)argv;
#ifndef getpagesize
  return ((int*)(&getpagesize))[argc];
#else
  (void)argc;
  return 0;
#endif
}
Determining if the sysconf exist failed with the following output:
Change Dir: C:/Users/Scott/build_release/CMakeFiles/CMakeTmp

Run Build Command(s):C:/Program Files (x86)/Microsoft Visual Studio/2019/Community/MSBuild/Current/Bin/MSBuild.exe cmTC_d70b3.vcxproj /p:Configuration=Debug /p:Platform=x64 /p:VisualStudioVersion=16.0 /v:m && Microsoft (R) Build Engine version 16.8.3+39993bd9d for .NET Framework
Copyright (C) Microsoft Corporation. All rights reserved.

  Microsoft (R) C/C++ Optimizing Compiler Version 19.28.29336 for x64
  Copyright (C) Microsoft Corporation.  All rights reserved.
  CheckSymbolExists.c
  cl /c /Zi /W3 /WX- /diagnostics:column /Od /Ob0 /Oi /D WIN32 /D _WINDOWS /D "CMAKE_INTDIR=\"Debug\"" /D _MBCS /Gm- /RTC1 /MDd /GS /fp:precise /Zc:wchar_t /Zc:forScope /Zc:inline /Fo"cmTC_d70b3.dir\Debug\\" /Fd"cmTC_d70b3.dir\Debug\vc142.pdb" /Gd /TC /wd4141 /wd4146 /wd4180 /wd4244 /wd4258 /wd4267 /wd4291 /wd4345 /wd4351 /wd4355 /wd4456 /wd4457 /wd4458 /wd4459 /wd4503 /wd4624 /wd4722 /wd4800 /wd4100 /wd4127 /wd4512 /wd4505 /wd4610 /wd4510 /wd4702 /wd4245 /wd4706 /wd4310 /wd4701 /wd4703 /wd4389 /wd4611 /wd4805 /wd4204 /wd4577 /wd4091 /wd4592 /wd4319 /wd4324 /errorReport:queue /we4238  -w14062 C:\Users\Scott\build_release\CMakeFiles\CMakeTmp\CheckSymbolExists.c
C:\Users\Scott\build_release\CMakeFiles\CMakeTmp\CheckSymbolExists.c(2,10): fatal error C1083: Cannot open include file: 'unistd.h': No such file or directory [C:\Users\Scott\build_release\CMakeFiles\CMakeTmp\cmTC_d70b3.vcxproj]


File C:/Users/Scott/build_release/CMakeFiles/CMakeTmp/CheckSymbolExists.c:
/* */
#include <unistd.h>

int main(int argc, char** argv)
{
  (void)argv;
#ifndef sysconf
  return ((int*)(&sysconf))[argc];
#else
  (void)argc;
  return 0;
#endif
}
Determining if the getrusage exist failed with the following output:
Change Dir: C:/Users/Scott/build_release/CMakeFiles/CMakeTmp

Run Build Command(s):C:/Program Files (x86)/Microsoft Visual Studio/2019/Community/MSBuild/Current/Bin/MSBuild.exe cmTC_f0a72.vcxproj /p:Configuration=Debug /p:Platform=x64 /p:VisualStudioVersion=16.0 /v:m && Microsoft (R) Build Engine version 16.8.3+39993bd9d for .NET Framework
Copyright (C) Microsoft Corporation. All rights reserved.

  Microsoft (R) C/C++ Optimizing Compiler Version 19.28.29336 for x64
  Copyright (C) Microsoft Corporation.  All rights reserved.
  CheckSymbolExists.c
C:\Users\Scott\build_release\CMakeFiles\CMakeTmp\CheckSymbolExists.c(2,10): fatal error C1083: Cannot open include file: 'sys/resource.h': No such file or directory [C:\Users\Scott\build_release\CMakeFiles\CMakeTmp\cmTC_f0a72.vcxproj]
  cl /c /Zi /W3 /WX- /diagnostics:column /Od /Ob0 /Oi /D WIN32 /D _WINDOWS /D "CMAKE_INTDIR=\"Debug\"" /D _MBCS /Gm- /RTC1 /MDd /GS /fp:precise /Zc:wchar_t /Zc:forScope /Zc:inline /Fo"cmTC_f0a72.dir\Debug\\" /Fd"cmTC_f0a72.dir\Debug\vc142.pdb" /Gd /TC /wd4141 /wd4146 /wd4180 /wd4244 /wd4258 /wd4267 /wd4291 /wd4345 /wd4351 /wd4355 /wd4456 /wd4457 /wd4458 /wd4459 /wd4503 /wd4624 /wd4722 /wd4800 /wd4100 /wd4127 /wd4512 /wd4505 /wd4610 /wd4510 /wd4702 /wd4245 /wd4706 /wd4310 /wd4701 /wd4703 /wd4389 /wd4611 /wd4805 /wd4204 /wd4577 /wd4091 /wd4592 /wd4319 /wd4324 /errorReport:queue /we4238  -w14062 C:\Users\Scott\build_release\CMakeFiles\CMakeTmp\CheckSymbolExists.c


File C:/Users/Scott/build_release/CMakeFiles/CMakeTmp/CheckSymbolExists.c:
/* */
#include <sys/resource.h>

int main(int argc, char** argv)
{
  (void)argv;
#ifndef getrusage
  return ((int*)(&getrusage))[argc];
#else
  (void)argc;
  return 0;
#endif
}
Determining if the setrlimit exist failed with the following output:
Change Dir: C:/Users/Scott/build_release/CMakeFiles/CMakeTmp

Run Build Command(s):C:/Program Files (x86)/Microsoft Visual Studio/2019/Community/MSBuild/Current/Bin/MSBuild.exe cmTC_15051.vcxproj /p:Configuration=Debug /p:Platform=x64 /p:VisualStudioVersion=16.0 /v:m && Microsoft (R) Build Engine version 16.8.3+39993bd9d for .NET Framework
Copyright (C) Microsoft Corporation. All rights reserved.

  Microsoft (R) C/C++ Optimizing Compiler Version 19.28.29336 for x64
  Copyright (C) Microsoft Corporation.  All rights reserved.
  CheckSymbolExists.c
C:\Users\Scott\build_release\CMakeFiles\CMakeTmp\CheckSymbolExists.c(2,10): fatal error C1083: Cannot open include file: 'sys/resource.h': No such file or directory [C:\Users\Scott\build_release\CMakeFiles\CMakeTmp\cmTC_15051.vcxproj]
  cl /c /Zi /W3 /WX- /diagnostics:column /Od /Ob0 /Oi /D WIN32 /D _WINDOWS /D "CMAKE_INTDIR=\"Debug\"" /D _MBCS /Gm- /RTC1 /MDd /GS /fp:precise /Zc:wchar_t /Zc:forScope /Zc:inline /Fo"cmTC_15051.dir\Debug\\" /Fd"cmTC_15051.dir\Debug\vc142.pdb" /Gd /TC /wd4141 /wd4146 /wd4180 /wd4244 /wd4258 /wd4267 /wd4291 /wd4345 /wd4351 /wd4355 /wd4456 /wd4457 /wd4458 /wd4459 /wd4503 /wd4624 /wd4722 /wd4800 /wd4100 /wd4127 /wd4512 /wd4505 /wd4610 /wd4510 /wd4702 /wd4245 /wd4706 /wd4310 /wd4701 /wd4703 /wd4389 /wd4611 /wd4805 /wd4204 /wd4577 /wd4091 /wd4592 /wd4319 /wd4324 /errorReport:queue /we4238  -w14062 C:\Users\Scott\build_release\CMakeFiles\CMakeTmp\CheckSymbolExists.c


File C:/Users/Scott/build_release/CMakeFiles/CMakeTmp/CheckSymbolExists.c:
/* */
#include <sys/resource.h>

int main(int argc, char** argv)
{
  (void)argv;
#ifndef setrlimit
  return ((int*)(&setrlimit))[argc];
#else
  (void)argc;
  return 0;
#endif
}
Determining if the isatty exist failed with the following output:
Change Dir: C:/Users/Scott/build_release/CMakeFiles/CMakeTmp

Run Build Command(s):C:/Program Files (x86)/Microsoft Visual Studio/2019/Community/MSBuild/Current/Bin/MSBuild.exe cmTC_b38b2.vcxproj /p:Configuration=Debug /p:Platform=x64 /p:VisualStudioVersion=16.0 /v:m && Microsoft (R) Build Engine version 16.8.3+39993bd9d for .NET Framework
Copyright (C) Microsoft Corporation. All rights reserved.

  Microsoft (R) C/C++ Optimizing Compiler Version 19.28.29336 for x64
  Copyright (C) Microsoft Corporation.  All rights reserved.
  CheckSymbolExists.c
  cl /c /Zi /W3 /WX- /diagnostics:column /Od /Ob0 /Oi /D WIN32 /D _WINDOWS /D "CMAKE_INTDIR=\"Debug\"" /D _MBCS /Gm- /RTC1 /MDd /GS /fp:precise /Zc:wchar_t /Zc:forScope /Zc:inline /Fo"cmTC_b38b2.dir\Debug\\" /Fd"cmTC_b38b2.dir\Debug\vc142.pdb" /Gd /TC /wd4141 /wd4146 /wd4180 /wd4244 /wd4258 /wd4267 /wd4291 /wd4345 /wd4351 /wd4355 /wd4456 /wd4457 /wd4458 /wd4459 /wd4503 /wd4624 /wd4722 /wd4800 /wd4100 /wd4127 /wd4512 /wd4505 /wd4610 /wd4510 /wd4702 /wd4245 /wd4706 /wd4310 /wd4701 /wd4703 /wd4389 /wd4611 /wd4805 /wd4204 /wd4577 /wd4091 /wd4592 /wd4319 /wd4324 /errorReport:queue /we4238  -w14062 C:\Users\Scott\build_release\CMakeFiles\CMakeTmp\CheckSymbolExists.c
C:\Users\Scott\build_release\CMakeFiles\CMakeTmp\CheckSymbolExists.c(2,10): fatal error C1083: Cannot open include file: 'unistd.h': No such file or directory [C:\Users\Scott\build_release\CMakeFiles\CMakeTmp\cmTC_b38b2.vcxproj]


File C:/Users/Scott/build_release/CMakeFiles/CMakeTmp/CheckSymbolExists.c:
/* */
#include <unistd.h>

int main(int argc, char** argv)
{
  (void)argv;
#ifndef isatty
  return ((int*)(&isatty))[argc];
#else
  (void)argc;
  return 0;
#endif
}
Determining if the futimens exist failed with the following output:
Change Dir: C:/Users/Scott/build_release/CMakeFiles/CMakeTmp

Run Build Command(s):C:/Program Files (x86)/Microsoft Visual Studio/2019/Community/MSBuild/Current/Bin/MSBuild.exe cmTC_84922.vcxproj /p:Configuration=Debug /p:Platform=x64 /p:VisualStudioVersion=16.0 /v:m && Microsoft (R) Build Engine version 16.8.3+39993bd9d for .NET Framework
Copyright (C) Microsoft Corporation. All rights reserved.

  Microsoft (R) C/C++ Optimizing Compiler Version 19.28.29336 for x64
  Copyright (C) Microsoft Corporation.  All rights reserved.
  CheckSymbolExists.c
  cl /c /Zi /W3 /WX- /diagnostics:column /Od /Ob0 /Oi /D WIN32 /D _WINDOWS /D "CMAKE_INTDIR=\"Debug\"" /D _MBCS /Gm- /RTC1 /MDd /GS /fp:precise /Zc:wchar_t /Zc:forScope /Zc:inline /Fo"cmTC_84922.dir\Debug\\" /Fd"cmTC_84922.dir\Debug\vc142.pdb" /Gd /TC /wd4141 /wd4146 /wd4180 /wd4244 /wd4258 /wd4267 /wd4291 /wd4345 /wd4351 /wd4355 /wd4456 /wd4457 /wd4458 /wd4459 /wd4503 /wd4624 /wd4722 /wd4800 /wd4100 /wd4127 /wd4512 /wd4505 /wd4610 /wd4510 /wd4702 /wd4245 /wd4706 /wd4310 /wd4701 /wd4703 /wd4389 /wd4611 /wd4805 /wd4204 /wd4577 /wd4091 /wd4592 /wd4319 /wd4324 /errorReport:queue /we4238  -w14062 C:\Users\Scott\build_release\CMakeFiles\CMakeTmp\CheckSymbolExists.c
C:\Users\Scott\build_release\CMakeFiles\CMakeTmp\CheckSymbolExists.c(8,27): error C2065: 'futimens': undeclared identifier [C:\Users\Scott\build_release\CMakeFiles\CMakeTmp\cmTC_84922.vcxproj]


File C:/Users/Scott/build_release/CMakeFiles/CMakeTmp/CheckSymbolExists.c:
/* */
#include <sys/stat.h>

int main(int argc, char** argv)
{
  (void)argv;
#ifndef futimens
  return ((int*)(&futimens))[argc];
#else
  (void)argc;
  return 0;
#endif
}
Determining if the futimes exist failed with the following output:
Change Dir: C:/Users/Scott/build_release/CMakeFiles/CMakeTmp

Run Build Command(s):C:/Program Files (x86)/Microsoft Visual Studio/2019/Community/MSBuild/Current/Bin/MSBuild.exe cmTC_68e8a.vcxproj /p:Configuration=Debug /p:Platform=x64 /p:VisualStudioVersion=16.0 /v:m && Microsoft (R) Build Engine version 16.8.3+39993bd9d for .NET Framework
Copyright (C) Microsoft Corporation. All rights reserved.

  Microsoft (R) C/C++ Optimizing Compiler Version 19.28.29336 for x64
  Copyright (C) Microsoft Corporation.  All rights reserved.
  CheckSymbolExists.c
  cl /c /Zi /W3 /WX- /diagnostics:column /Od /Ob0 /Oi /D WIN32 /D _WINDOWS /D "CMAKE_INTDIR=\"Debug\"" /D _MBCS /Gm- /RTC1 /MDd /GS /fp:precise /Zc:wchar_t /Zc:forScope /Zc:inline /Fo"cmTC_68e8a.dir\Debug\\" /Fd"cmTC_68e8a.dir\Debug\vc142.pdb" /Gd /TC /wd4141 /wd4146 /wd4180 /wd4244 /wd4258 /wd4267 /wd4291 /wd4345 /wd4351 /wd4355 /wd4456 /wd4457 /wd4458 /wd4459 /wd4503 /wd4624 /wd4722 /wd4800 /wd4100 /wd4127 /wd4512 /wd4505 /wd4610 /wd4510 /wd4702 /wd4245 /wd4706 /wd4310 /wd4701 /wd4703 /wd4389 /wd4611 /wd4805 /wd4204 /wd4577 /wd4091 /wd4592 /wd4319 /wd4324 /errorReport:queue /we4238  -w14062 C:\Users\Scott\build_release\CMakeFiles\CMakeTmp\CheckSymbolExists.c
C:\Users\Scott\build_release\CMakeFiles\CMakeTmp\CheckSymbolExists.c(2,10): fatal error C1083: Cannot open include file: 'sys/time.h': No such file or directory [C:\Users\Scott\build_release\CMakeFiles\CMakeTmp\cmTC_68e8a.vcxproj]


File C:/Users/Scott/build_release/CMakeFiles/CMakeTmp/CheckSymbolExists.c:
/* */
#include <sys/time.h>

int main(int argc, char** argv)
{
  (void)argv;
#ifndef futimes
  return ((int*)(&futimes))[argc];
#else
  (void)argc;
  return 0;
#endif
}
Determining if the posix_fallocate exist failed with the following output:
Change Dir: C:/Users/Scott/build_release/CMakeFiles/CMakeTmp

Run Build Command(s):C:/Program Files (x86)/Microsoft Visual Studio/2019/Community/MSBuild/Current/Bin/MSBuild.exe cmTC_b1d27.vcxproj /p:Configuration=Debug /p:Platform=x64 /p:VisualStudioVersion=16.0 /v:m && Microsoft (R) Build Engine version 16.8.3+39993bd9d for .NET Framework
Copyright (C) Microsoft Corporation. All rights reserved.

  Microsoft (R) C/C++ Optimizing Compiler Version 19.28.29336 for x64
  Copyright (C) Microsoft Corporation.  All rights reserved.
  CheckSymbolExists.c
  cl /c /Zi /W3 /WX- /diagnostics:column /Od /Ob0 /Oi /D WIN32 /D _WINDOWS /D "CMAKE_INTDIR=\"Debug\"" /D _MBCS /Gm- /RTC1 /MDd /GS /fp:precise /Zc:wchar_t /Zc:forScope /Zc:inline /Fo"cmTC_b1d27.dir\Debug\\" /Fd"cmTC_b1d27.dir\Debug\vc142.pdb" /Gd /TC /wd4141 /wd4146 /wd4180 /wd4244 /wd4258 /wd4267 /wd4291 /wd4345 /wd4351 /wd4355 /wd4456 /wd4457 /wd4458 /wd4459 /wd4503 /wd4624 /wd4722 /wd4800 /wd4100 /wd4127 /wd4512 /wd4505 /wd4610 /wd4510 /wd4702 /wd4245 /wd4706 /wd4310 /wd4701 /wd4703 /wd4389 /wd4611 /wd4805 /wd4204 /wd4577 /wd4091 /wd4592 /wd4319 /wd4324 /errorReport:queue /we4238  -w14062 C:\Users\Scott\build_release\CMakeFiles\CMakeTmp\CheckSymbolExists.c
C:\Users\Scott\build_release\CMakeFiles\CMakeTmp\CheckSymbolExists.c(8,34): error C2065: 'posix_fallocate': undeclared identifier [C:\Users\Scott\build_release\CMakeFiles\CMakeTmp\cmTC_b1d27.vcxproj]


File C:/Users/Scott/build_release/CMakeFiles/CMakeTmp/CheckSymbolExists.c:
/* */
#include <fcntl.h>

int main(int argc, char** argv)
{
  (void)argv;
#ifndef posix_fallocate
  return ((int*)(&posix_fallocate))[argc];
#else
  (void)argc;
  return 0;
#endif
}
Determining if the sigaltstack exist failed with the following output:
Change Dir: C:/Users/Scott/build_release/CMakeFiles/CMakeTmp

Run Build Command(s):C:/Program Files (x86)/Microsoft Visual Studio/2019/Community/MSBuild/Current/Bin/MSBuild.exe cmTC_9eb92.vcxproj /p:Configuration=Debug /p:Platform=x64 /p:VisualStudioVersion=16.0 /v:m && Microsoft (R) Build Engine version 16.8.3+39993bd9d for .NET Framework
Copyright (C) Microsoft Corporation. All rights reserved.

  Microsoft (R) C/C++ Optimizing Compiler Version 19.28.29336 for x64
  Copyright (C) Microsoft Corporation.  All rights reserved.
  CheckSymbolExists.c
  cl /c /Zi /W3 /WX- /diagnostics:column /Od /Ob0 /Oi /D WIN32 /D _WINDOWS /D "CMAKE_INTDIR=\"Debug\"" /D _MBCS /Gm- /RTC1 /MDd /GS /fp:precise /Zc:wchar_t /Zc:forScope /Zc:inline /Fo"cmTC_9eb92.dir\Debug\\" /Fd"cmTC_9eb92.dir\Debug\vc142.pdb" /Gd /TC /wd4141 /wd4146 /wd4180 /wd4244 /wd4258 /wd4267 /wd4291 /wd4345 /wd4351 /wd4355 /wd4456 /wd4457 /wd4458 /wd4459 /wd4503 /wd4624 /wd4722 /wd4800 /wd4100 /wd4127 /wd4512 /wd4505 /wd4610 /wd4510 /wd4702 /wd4245 /wd4706 /wd4310 /wd4701 /wd4703 /wd4389 /wd4611 /wd4805 /wd4204 /wd4577 /wd4091 /wd4592 /wd4319 /wd4324 /errorReport:queue /we4238  -w14062 C:\Users\Scott\build_release\CMakeFiles\CMakeTmp\CheckSymbolExists.c
C:\Users\Scott\build_release\CMakeFiles\CMakeTmp\CheckSymbolExists.c(8,30): error C2065: 'sigaltstack': undeclared identifier [C:\Users\Scott\build_release\CMakeFiles\CMakeTmp\cmTC_9eb92.vcxproj]


File C:/Users/Scott/build_release/CMakeFiles/CMakeTmp/CheckSymbolExists.c:
/* */
#include <signal.h>

int main(int argc, char** argv)
{
  (void)argv;
#ifndef sigaltstack
  return ((int*)(&sigaltstack))[argc];
#else
  (void)argc;
  return 0;
#endif
}
Determining if the lseek64 exist failed with the following output:
Change Dir: C:/Users/Scott/build_release/CMakeFiles/CMakeTmp

Run Build Command(s):C:/Program Files (x86)/Microsoft Visual Studio/2019/Community/MSBuild/Current/Bin/MSBuild.exe cmTC_8e993.vcxproj /p:Configuration=Debug /p:Platform=x64 /p:VisualStudioVersion=16.0 /v:m && Microsoft (R) Build Engine version 16.8.3+39993bd9d for .NET Framework
Copyright (C) Microsoft Corporation. All rights reserved.

  Microsoft (R) C/C++ Optimizing Compiler Version 19.28.29336 for x64
  Copyright (C) Microsoft Corporation.  All rights reserved.
  CheckSymbolExists.c
  cl /c /Zi /W3 /WX- /diagnostics:column /Od /Ob0 /Oi /D WIN32 /D _WINDOWS /D _LARGEFILE64_SOURCE /D "CMAKE_INTDIR=\"Debug\"" /D _MBCS /Gm- /RTC1 /MDd /GS /fp:precise /Zc:wchar_t /Zc:forScope /Zc:inline /Fo"cmTC_8e993.dir\Debug\\" /Fd"cmTC_8e993.dir\Debug\vc142.pdb" /Gd /TC /wd4141 /wd4146 /wd4180 /wd4244 /wd4258 /wd4267 /wd4291 /wd4345 /wd4351 /wd4355 /wd4456 /wd4457 /wd4458 /wd4459 /wd4503 /wd4624 /wd4722 /wd4800 /wd4100 /wd4127 /wd4512 /wd4505 /wd4610 /wd4510 /wd4702 /wd4245 /wd4706 /wd4310 /wd4701 /wd4703 /wd4389 /wd4611 /wd4805 /wd4204 /wd4577 /wd4091 /wd4592 /wd4319 /wd4324 /errorReport:queue /we4238  -w14062 C:\Users\Scott\build_release\CMakeFiles\CMakeTmp\CheckSymbolExists.c
C:\Users\Scott\build_release\CMakeFiles\CMakeTmp\CheckSymbolExists.c(3,10): fatal error C1083: Cannot open include file: 'unistd.h': No such file or directory [C:\Users\Scott\build_release\CMakeFiles\CMakeTmp\cmTC_8e993.vcxproj]


File C:/Users/Scott/build_release/CMakeFiles/CMakeTmp/CheckSymbolExists.c:
/* */
#include <sys/types.h>
#include <unistd.h>

int main(int argc, char** argv)
{
  (void)argv;
#ifndef lseek64
  return ((int*)(&lseek64))[argc];
#else
  (void)argc;
  return 0;
#endif
}
Determining if the mallctl exist failed with the following output:
Change Dir: C:/Users/Scott/build_release/CMakeFiles/CMakeTmp

Run Build Command(s):C:/Program Files (x86)/Microsoft Visual Studio/2019/Community/MSBuild/Current/Bin/MSBuild.exe cmTC_0de49.vcxproj /p:Configuration=Debug /p:Platform=x64 /p:VisualStudioVersion=16.0 /v:m && Microsoft (R) Build Engine version 16.8.3+39993bd9d for .NET Framework
Copyright (C) Microsoft Corporation. All rights reserved.

  Microsoft (R) C/C++ Optimizing Compiler Version 19.28.29336 for x64
  Copyright (C) Microsoft Corporation.  All rights reserved.
  CheckSymbolExists.c
  cl /c /Zi /W3 /WX- /diagnostics:column /Od /Ob0 /Oi /D WIN32 /D _WINDOWS /D "CMAKE_INTDIR=\"Debug\"" /D _MBCS /Gm- /RTC1 /MDd /GS /fp:precise /Zc:wchar_t /Zc:forScope /Zc:inline /Fo"cmTC_0de49.dir\Debug\\" /Fd"cmTC_0de49.dir\Debug\vc142.pdb" /Gd /TC /wd4141 /wd4146 /wd4180 /wd4244 /wd4258 /wd4267 /wd4291 /wd4345 /wd4351 /wd4355 /wd4456 /wd4457 /wd4458 /wd4459 /wd4503 /wd4624 /wd4722 /wd4800 /wd4100 /wd4127 /wd4512 /wd4505 /wd4610 /wd4510 /wd4702 /wd4245 /wd4706 /wd4310 /wd4701 /wd4703 /wd4389 /wd4611 /wd4805 /wd4204 /wd4577 /wd4091 /wd4592 /wd4319 /wd4324 /errorReport:queue /we4238  -w14062 C:\Users\Scott\build_release\CMakeFiles\CMakeTmp\CheckSymbolExists.c
C:\Users\Scott\build_release\CMakeFiles\CMakeTmp\CheckSymbolExists.c(2,10): fatal error C1083: Cannot open include file: 'malloc_np.h': No such file or directory [C:\Users\Scott\build_release\CMakeFiles\CMakeTmp\cmTC_0de49.vcxproj]


File C:/Users/Scott/build_release/CMakeFiles/CMakeTmp/CheckSymbolExists.c:
/* */
#include <malloc_np.h>

int main(int argc, char** argv)
{
  (void)argv;
#ifndef mallctl
  return ((int*)(&mallctl))[argc];
#else
  (void)argc;
  return 0;
#endif
}
Determining if the mallinfo exist failed with the following output:
Change Dir: C:/Users/Scott/build_release/CMakeFiles/CMakeTmp

Run Build Command(s):C:/Program Files (x86)/Microsoft Visual Studio/2019/Community/MSBuild/Current/Bin/MSBuild.exe cmTC_5d00b.vcxproj /p:Configuration=Debug /p:Platform=x64 /p:VisualStudioVersion=16.0 /v:m && Microsoft (R) Build Engine version 16.8.3+39993bd9d for .NET Framework
Copyright (C) Microsoft Corporation. All rights reserved.

  Microsoft (R) C/C++ Optimizing Compiler Version 19.28.29336 for x64
  Copyright (C) Microsoft Corporation.  All rights reserved.
  CheckSymbolExists.c
  cl /c /Zi /W3 /WX- /diagnostics:column /Od /Ob0 /Oi /D WIN32 /D _WINDOWS /D "CMAKE_INTDIR=\"Debug\"" /D _MBCS /Gm- /RTC1 /MDd /GS /fp:precise /Zc:wchar_t /Zc:forScope /Zc:inline /Fo"cmTC_5d00b.dir\Debug\\" /Fd"cmTC_5d00b.dir\Debug\vc142.pdb" /Gd /TC /wd4141 /wd4146 /wd4180 /wd4244 /wd4258 /wd4267 /wd4291 /wd4345 /wd4351 /wd4355 /wd4456 /wd4457 /wd4458 /wd4459 /wd4503 /wd4624 /wd4722 /wd4800 /wd4100 /wd4127 /wd4512 /wd4505 /wd4610 /wd4510 /wd4702 /wd4245 /wd4706 /wd4310 /wd4701 /wd4703 /wd4389 /wd4611 /wd4805 /wd4204 /wd4577 /wd4091 /wd4592 /wd4319 /wd4324 /errorReport:queue /we4238  -w14062 C:\Users\Scott\build_release\CMakeFiles\CMakeTmp\CheckSymbolExists.c
C:\Users\Scott\build_release\CMakeFiles\CMakeTmp\CheckSymbolExists.c(8,27): error C2065: 'mallinfo': undeclared identifier [C:\Users\Scott\build_release\CMakeFiles\CMakeTmp\cmTC_5d00b.vcxproj]


File C:/Users/Scott/build_release/CMakeFiles/CMakeTmp/CheckSymbolExists.c:
/* */
#include <malloc.h>

int main(int argc, char** argv)
{
  (void)argv;
#ifndef mallinfo
  return ((int*)(&mallinfo))[argc];
#else
  (void)argc;
  return 0;
#endif
}
Determining if the malloc_zone_statistics exist failed with the following output:
Change Dir: C:/Users/Scott/build_release/CMakeFiles/CMakeTmp

Run Build Command(s):C:/Program Files (x86)/Microsoft Visual Studio/2019/Community/MSBuild/Current/Bin/MSBuild.exe cmTC_2a239.vcxproj /p:Configuration=Debug /p:Platform=x64 /p:VisualStudioVersion=16.0 /v:m && Microsoft (R) Build Engine version 16.8.3+39993bd9d for .NET Framework
Copyright (C) Microsoft Corporation. All rights reserved.

  Microsoft (R) C/C++ Optimizing Compiler Version 19.28.29336 for x64
  Copyright (C) Microsoft Corporation.  All rights reserved.
  CheckSymbolExists.c
C:\Users\Scott\build_release\CMakeFiles\CMakeTmp\CheckSymbolExists.c(2,10): fatal error C1083: Cannot open include file: 'malloc/malloc.h': No such file or directory [C:\Users\Scott\build_release\CMakeFiles\CMakeTmp\cmTC_2a239.vcxproj]
  cl /c /Zi /W3 /WX- /diagnostics:column /Od /Ob0 /Oi /D WIN32 /D _WINDOWS /D "CMAKE_INTDIR=\"Debug\"" /D _MBCS /Gm- /RTC1 /MDd /GS /fp:precise /Zc:wchar_t /Zc:forScope /Zc:inline /Fo"cmTC_2a239.dir\Debug\\" /Fd"cmTC_2a239.dir\Debug\vc142.pdb" /Gd /TC /wd4141 /wd4146 /wd4180 /wd4244 /wd4258 /wd4267 /wd4291 /wd4345 /wd4351 /wd4355 /wd4456 /wd4457 /wd4458 /wd4459 /wd4503 /wd4624 /wd4722 /wd4800 /wd4100 /wd4127 /wd4512 /wd4505 /wd4610 /wd4510 /wd4702 /wd4245 /wd4706 /wd4310 /wd4701 /wd4703 /wd4389 /wd4611 /wd4805 /wd4204 /wd4577 /wd4091 /wd4592 /wd4319 /wd4324 /errorReport:queue /we4238  -w14062 C:\Users\Scott\build_release\CMakeFiles\CMakeTmp\CheckSymbolExists.c


File C:/Users/Scott/build_release/CMakeFiles/CMakeTmp/CheckSymbolExists.c:
/* */
#include <malloc/malloc.h>

int main(int argc, char** argv)
{
  (void)argv;
#ifndef malloc_zone_statistics
  return ((int*)(&malloc_zone_statistics))[argc];
#else
  (void)argc;
  return 0;
#endif
}
Determining if the getrlimit exist failed with the following output:
Change Dir: C:/Users/Scott/build_release/CMakeFiles/CMakeTmp

Run Build Command(s):C:/Program Files (x86)/Microsoft Visual Studio/2019/Community/MSBuild/Current/Bin/MSBuild.exe cmTC_0b61f.vcxproj /p:Configuration=Debug /p:Platform=x64 /p:VisualStudioVersion=16.0 /v:m && Microsoft (R) Build Engine version 16.8.3+39993bd9d for .NET Framework
Copyright (C) Microsoft Corporation. All rights reserved.

  Microsoft (R) C/C++ Optimizing Compiler Version 19.28.29336 for x64
  Copyright (C) Microsoft Corporation.  All rights reserved.
  CheckSymbolExists.c
C:\Users\Scott\build_release\CMakeFiles\CMakeTmp\CheckSymbolExists.c(3,10): fatal error C1083: Cannot open include file: 'sys/time.h': No such file or directory [C:\Users\Scott\build_release\CMakeFiles\CMakeTmp\cmTC_0b61f.vcxproj]
  cl /c /Zi /W3 /WX- /diagnostics:column /Od /Ob0 /Oi /D WIN32 /D _WINDOWS /D "CMAKE_INTDIR=\"Debug\"" /D _MBCS /Gm- /RTC1 /MDd /GS /fp:precise /Zc:wchar_t /Zc:forScope /Zc:inline /Fo"cmTC_0b61f.dir\Debug\\" /Fd"cmTC_0b61f.dir\Debug\vc142.pdb" /Gd /TC /wd4141 /wd4146 /wd4180 /wd4244 /wd4258 /wd4267 /wd4291 /wd4345 /wd4351 /wd4355 /wd4456 /wd4457 /wd4458 /wd4459 /wd4503 /wd4624 /wd4722 /wd4800 /wd4100 /wd4127 /wd4512 /wd4505 /wd4610 /wd4510 /wd4702 /wd4245 /wd4706 /wd4310 /wd4701 /wd4703 /wd4389 /wd4611 /wd4805 /wd4204 /wd4577 /wd4091 /wd4592 /wd4319 /wd4324 /errorReport:queue /we4238  -w14062 C:\Users\Scott\build_release\CMakeFiles\CMakeTmp\CheckSymbolExists.c


File C:/Users/Scott/build_release/CMakeFiles/CMakeTmp/CheckSymbolExists.c:
/* */
#include <sys/types.h>
#include <sys/time.h>
#include <sys/resource.h>

int main(int argc, char** argv)
{
  (void)argv;
#ifndef getrlimit
  return ((int*)(&getrlimit))[argc];
#else
  (void)argc;
  return 0;
#endif
}
Determining if the posix_spawn exist failed with the following output:
Change Dir: C:/Users/Scott/build_release/CMakeFiles/CMakeTmp

Run Build Command(s):C:/Program Files (x86)/Microsoft Visual Studio/2019/Community/MSBuild/Current/Bin/MSBuild.exe cmTC_e3e7c.vcxproj /p:Configuration=Debug /p:Platform=x64 /p:VisualStudioVersion=16.0 /v:m && Microsoft (R) Build Engine version 16.8.3+39993bd9d for .NET Framework
Copyright (C) Microsoft Corporation. All rights reserved.

  Microsoft (R) C/C++ Optimizing Compiler Version 19.28.29336 for x64
  Copyright (C) Microsoft Corporation.  All rights reserved.
  CheckSymbolExists.c
  cl /c /Zi /W3 /WX- /diagnostics:column /Od /Ob0 /Oi /D WIN32 /D _WINDOWS /D "CMAKE_INTDIR=\"Debug\"" /D _MBCS /Gm- /RTC1 /MDd /GS /fp:precise /Zc:wchar_t /Zc:forScope /Zc:inline /Fo"cmTC_e3e7c.dir\Debug\\" /Fd"cmTC_e3e7c.dir\Debug\vc142.pdb" /Gd /TC /wd4141 /wd4146 /wd4180 /wd4244 /wd4258 /wd4267 /wd4291 /wd4345 /wd4351 /wd4355 /wd4456 /wd4457 /wd4458 /wd4459 /wd4503 /wd4624 /wd4722 /wd4800 /wd4100 /wd4127 /wd4512 /wd4505 /wd4610 /wd4510 /wd4702 /wd4245 /wd4706 /wd4310 /wd4701 /wd4703 /wd4389 /wd4611 /wd4805 /wd4204 /wd4577 /wd4091 /wd4592 /wd4319 /wd4324 /errorReport:queue /we4238  -w14062 C:\Users\Scott\build_release\CMakeFiles\CMakeTmp\CheckSymbolExists.c
C:\Users\Scott\build_release\CMakeFiles\CMakeTmp\CheckSymbolExists.c(2,10): fatal error C1083: Cannot open include file: 'spawn.h': No such file or directory [C:\Users\Scott\build_release\CMakeFiles\CMakeTmp\cmTC_e3e7c.vcxproj]


File C:/Users/Scott/build_release/CMakeFiles/CMakeTmp/CheckSymbolExists.c:
/* */
#include <spawn.h>

int main(int argc, char** argv)
{
  (void)argv;
#ifndef posix_spawn
  return ((int*)(&posix_spawn))[argc];
#else
  (void)argc;
  return 0;
#endif
}
Determining if the pread exist failed with the following output:
Change Dir: C:/Users/Scott/build_release/CMakeFiles/CMakeTmp

Run Build Command(s):C:/Program Files (x86)/Microsoft Visual Studio/2019/Community/MSBuild/Current/Bin/MSBuild.exe cmTC_d6022.vcxproj /p:Configuration=Debug /p:Platform=x64 /p:VisualStudioVersion=16.0 /v:m && Microsoft (R) Build Engine version 16.8.3+39993bd9d for .NET Framework
Copyright (C) Microsoft Corporation. All rights reserved.

  Microsoft (R) C/C++ Optimizing Compiler Version 19.28.29336 for x64
  Copyright (C) Microsoft Corporation.  All rights reserved.
  CheckSymbolExists.c
  cl /c /Zi /W3 /WX- /diagnostics:column /Od /Ob0 /Oi /D WIN32 /D _WINDOWS /D "CMAKE_INTDIR=\"Debug\"" /D _MBCS /Gm- /RTC1 /MDd /GS /fp:precise /Zc:wchar_t /Zc:forScope /Zc:inline /Fo"cmTC_d6022.dir\Debug\\" /Fd"cmTC_d6022.dir\Debug\vc142.pdb" /Gd /TC /wd4141 /wd4146 /wd4180 /wd4244 /wd4258 /wd4267 /wd4291 /wd4345 /wd4351 /wd4355 /wd4456 /wd4457 /wd4458 /wd4459 /wd4503 /wd4624 /wd4722 /wd4800 /wd4100 /wd4127 /wd4512 /wd4505 /wd4610 /wd4510 /wd4702 /wd4245 /wd4706 /wd4310 /wd4701 /wd4703 /wd4389 /wd4611 /wd4805 /wd4204 /wd4577 /wd4091 /wd4592 /wd4319 /wd4324 /errorReport:queue /we4238  -w14062 C:\Users\Scott\build_release\CMakeFiles\CMakeTmp\CheckSymbolExists.c
C:\Users\Scott\build_release\CMakeFiles\CMakeTmp\CheckSymbolExists.c(2,10): fatal error C1083: Cannot open include file: 'unistd.h': No such file or directory [C:\Users\Scott\build_release\CMakeFiles\CMakeTmp\cmTC_d6022.vcxproj]


File C:/Users/Scott/build_release/CMakeFiles/CMakeTmp/CheckSymbolExists.c:
/* */
#include <unistd.h>

int main(int argc, char** argv)
{
  (void)argv;
#ifndef pread
  return ((int*)(&pread))[argc];
#else
  (void)argc;
  return 0;
#endif
}
Determining if the realpath exist failed with the following output:
Change Dir: C:/Users/Scott/build_release/CMakeFiles/CMakeTmp

Run Build Command(s):C:/Program Files (x86)/Microsoft Visual Studio/2019/Community/MSBuild/Current/Bin/MSBuild.exe cmTC_d35d1.vcxproj /p:Configuration=Debug /p:Platform=x64 /p:VisualStudioVersion=16.0 /v:m && Microsoft (R) Build Engine version 16.8.3+39993bd9d for .NET Framework
Copyright (C) Microsoft Corporation. All rights reserved.

  Microsoft (R) C/C++ Optimizing Compiler Version 19.28.29336 for x64
  Copyright (C) Microsoft Corporation.  All rights reserved.
  CheckSymbolExists.c
  cl /c /Zi /W3 /WX- /diagnostics:column /Od /Ob0 /Oi /D WIN32 /D _WINDOWS /D "CMAKE_INTDIR=\"Debug\"" /D _MBCS /Gm- /RTC1 /MDd /GS /fp:precise /Zc:wchar_t /Zc:forScope /Zc:inline /Fo"cmTC_d35d1.dir\Debug\\" /Fd"cmTC_d35d1.dir\Debug\vc142.pdb" /Gd /TC /wd4141 /wd4146 /wd4180 /wd4244 /wd4258 /wd4267 /wd4291 /wd4345 /wd4351 /wd4355 /wd4456 /wd4457 /wd4458 /wd4459 /wd4503 /wd4624 /wd4722 /wd4800 /wd4100 /wd4127 /wd4512 /wd4505 /wd4610 /wd4510 /wd4702 /wd4245 /wd4706 /wd4310 /wd4701 /wd4703 /wd4389 /wd4611 /wd4805 /wd4204 /wd4577 /wd4091 /wd4592 /wd4319 /wd4324 /errorReport:queue /we4238  -w14062 C:\Users\Scott\build_release\CMakeFiles\CMakeTmp\CheckSymbolExists.c
C:\Users\Scott\build_release\CMakeFiles\CMakeTmp\CheckSymbolExists.c(8,27): error C2065: 'realpath': undeclared identifier [C:\Users\Scott\build_release\CMakeFiles\CMakeTmp\cmTC_d35d1.vcxproj]


File C:/Users/Scott/build_release/CMakeFiles/CMakeTmp/CheckSymbolExists.c:
/* */
#include <stdlib.h>

int main(int argc, char** argv)
{
  (void)argv;
#ifndef realpath
  return ((int*)(&realpath))[argc];
#else
  (void)argc;
  return 0;
#endif
}
Determining if the sbrk exist failed with the following output:
Change Dir: C:/Users/Scott/build_release/CMakeFiles/CMakeTmp

Run Build Command(s):C:/Program Files (x86)/Microsoft Visual Studio/2019/Community/MSBuild/Current/Bin/MSBuild.exe cmTC_ecb83.vcxproj /p:Configuration=Debug /p:Platform=x64 /p:VisualStudioVersion=16.0 /v:m && Microsoft (R) Build Engine version 16.8.3+39993bd9d for .NET Framework
Copyright (C) Microsoft Corporation. All rights reserved.

  Microsoft (R) C/C++ Optimizing Compiler Version 19.28.29336 for x64
  Copyright (C) Microsoft Corporation.  All rights reserved.
  CheckSymbolExists.c
  cl /c /Zi /W3 /WX- /diagnostics:column /Od /Ob0 /Oi /D WIN32 /D _WINDOWS /D "CMAKE_INTDIR=\"Debug\"" /D _MBCS /Gm- /RTC1 /MDd /GS /fp:precise /Zc:wchar_t /Zc:forScope /Zc:inline /Fo"cmTC_ecb83.dir\Debug\\" /Fd"cmTC_ecb83.dir\Debug\vc142.pdb" /Gd /TC /wd4141 /wd4146 /wd4180 /wd4244 /wd4258 /wd4267 /wd4291 /wd4345 /wd4351 /wd4355 /wd4456 /wd4457 /wd4458 /wd4459 /wd4503 /wd4624 /wd4722 /wd4800 /wd4100 /wd4127 /wd4512 /wd4505 /wd4610 /wd4510 /wd4702 /wd4245 /wd4706 /wd4310 /wd4701 /wd4703 /wd4389 /wd4611 /wd4805 /wd4204 /wd4577 /wd4091 /wd4592 /wd4319 /wd4324 /errorReport:queue /we4238  -w14062 C:\Users\Scott\build_release\CMakeFiles\CMakeTmp\CheckSymbolExists.c
C:\Users\Scott\build_release\CMakeFiles\CMakeTmp\CheckSymbolExists.c(2,10): fatal error C1083: Cannot open include file: 'unistd.h': No such file or directory [C:\Users\Scott\build_release\CMakeFiles\CMakeTmp\cmTC_ecb83.vcxproj]


File C:/Users/Scott/build_release/CMakeFiles/CMakeTmp/CheckSymbolExists.c:
/* */
#include <unistd.h>

int main(int argc, char** argv)
{
  (void)argv;
#ifndef sbrk
  return ((int*)(&sbrk))[argc];
#else
  (void)argc;
  return 0;
#endif
}
Determining if the strerror_r exist failed with the following output:
Change Dir: C:/Users/Scott/build_release/CMakeFiles/CMakeTmp

Run Build Command(s):C:/Program Files (x86)/Microsoft Visual Studio/2019/Community/MSBuild/Current/Bin/MSBuild.exe cmTC_06f6b.vcxproj /p:Configuration=Debug /p:Platform=x64 /p:VisualStudioVersion=16.0 /v:m && Microsoft (R) Build Engine version 16.8.3+39993bd9d for .NET Framework
Copyright (C) Microsoft Corporation. All rights reserved.

  Microsoft (R) C/C++ Optimizing Compiler Version 19.28.29336 for x64
  Copyright (C) Microsoft Corporation.  All rights reserved.
  CheckSymbolExists.c
  cl /c /Zi /W3 /WX- /diagnostics:column /Od /Ob0 /Oi /D WIN32 /D _WINDOWS /D "CMAKE_INTDIR=\"Debug\"" /D _MBCS /Gm- /RTC1 /MDd /GS /fp:precise /Zc:wchar_t /Zc:forScope /Zc:inline /Fo"cmTC_06f6b.dir\Debug\\" /Fd"cmTC_06f6b.dir\Debug\vc142.pdb" /Gd /TC /wd4141 /wd4146 /wd4180 /wd4244 /wd4258 /wd4267 /wd4291 /wd4345 /wd4351 /wd4355 /wd4456 /wd4457 /wd4458 /wd4459 /wd4503 /wd4624 /wd4722 /wd4800 /wd4100 /wd4127 /wd4512 /wd4505 /wd4610 /wd4510 /wd4702 /wd4245 /wd4706 /wd4310 /wd4701 /wd4703 /wd4389 /wd4611 /wd4805 /wd4204 /wd4577 /wd4091 /wd4592 /wd4319 /wd4324 /errorReport:queue /we4238  -w14062 C:\Users\Scott\build_release\CMakeFiles\CMakeTmp\CheckSymbolExists.c
C:\Users\Scott\build_release\CMakeFiles\CMakeTmp\CheckSymbolExists.c(8,29): error C2065: 'strerror_r': undeclared identifier [C:\Users\Scott\build_release\CMakeFiles\CMakeTmp\cmTC_06f6b.vcxproj]


File C:/Users/Scott/build_release/CMakeFiles/CMakeTmp/CheckSymbolExists.c:
/* */
#include <string.h>

int main(int argc, char** argv)
{
  (void)argv;
#ifndef strerror_r
  return ((int*)(&strerror_r))[argc];
#else
  (void)argc;
  return 0;
#endif
}
Determining if the setenv exist failed with the following output:
Change Dir: C:/Users/Scott/build_release/CMakeFiles/CMakeTmp

Run Build Command(s):C:/Program Files (x86)/Microsoft Visual Studio/2019/Community/MSBuild/Current/Bin/MSBuild.exe cmTC_33326.vcxproj /p:Configuration=Debug /p:Platform=x64 /p:VisualStudioVersion=16.0 /v:m && Microsoft (R) Build Engine version 16.8.3+39993bd9d for .NET Framework
Copyright (C) Microsoft Corporation. All rights reserved.

  Microsoft (R) C/C++ Optimizing Compiler Version 19.28.29336 for x64
  Copyright (C) Microsoft Corporation.  All rights reserved.
  CheckSymbolExists.c
  cl /c /Zi /W3 /WX- /diagnostics:column /Od /Ob0 /Oi /D WIN32 /D _WINDOWS /D "CMAKE_INTDIR=\"Debug\"" /D _MBCS /Gm- /RTC1 /MDd /GS /fp:precise /Zc:wchar_t /Zc:forScope /Zc:inline /Fo"cmTC_33326.dir\Debug\\" /Fd"cmTC_33326.dir\Debug\vc142.pdb" /Gd /TC /wd4141 /wd4146 /wd4180 /wd4244 /wd4258 /wd4267 /wd4291 /wd4345 /wd4351 /wd4355 /wd4456 /wd4457 /wd4458 /wd4459 /wd4503 /wd4624 /wd4722 /wd4800 /wd4100 /wd4127 /wd4512 /wd4505 /wd4610 /wd4510 /wd4702 /wd4245 /wd4706 /wd4310 /wd4701 /wd4703 /wd4389 /wd4611 /wd4805 /wd4204 /wd4577 /wd4091 /wd4592 /wd4319 /wd4324 /errorReport:queue /we4238  -w14062 C:\Users\Scott\build_release\CMakeFiles\CMakeTmp\CheckSymbolExists.c
C:\Users\Scott\build_release\CMakeFiles\CMakeTmp\CheckSymbolExists.c(8,25): error C2065: 'setenv': undeclared identifier [C:\Users\Scott\build_release\CMakeFiles\CMakeTmp\cmTC_33326.vcxproj]


File C:/Users/Scott/build_release/CMakeFiles/CMakeTmp/CheckSymbolExists.c:
/* */
#include <stdlib.h>

int main(int argc, char** argv)
{
  (void)argv;
#ifndef setenv
  return ((int*)(&setenv))[argc];
#else
  (void)argc;
  return 0;
#endif
}
Determining if the function _alloca exists failed with the following output:
Change Dir: C:/Users/Scott/build_release/CMakeFiles/CMakeTmp

Run Build Command(s):C:/Program Files (x86)/Microsoft Visual Studio/2019/Community/MSBuild/Current/Bin/MSBuild.exe cmTC_f4838.vcxproj /p:Configuration=Debug /p:Platform=x64 /p:VisualStudioVersion=16.0 /v:m && Microsoft (R) Build Engine version 16.8.3+39993bd9d for .NET Framework
Copyright (C) Microsoft Corporation. All rights reserved.

  Microsoft (R) C/C++ Optimizing Compiler Version 19.28.29336 for x64
  Copyright (C) Microsoft Corporation.  All rights reserved.
  CheckFunctionExists.c
C:\Program Files\CMake\share\cmake-3.19\Modules\CheckFunctionExists.c(7,3): warning C4391: 'char _alloca(void)': incorrect return type for intrinsic function, expected 'void' [C:\Users\Scott\build_release\CMakeFiles\CMakeTmp\cmTC_f4838.vcxproj]
C:\Program Files\CMake\share\cmake-3.19\Modules\CheckFunctionExists.c(7,3): warning C4392: 'char _alloca(void)': incorrect number of arguments for intrinsic function, expected '1' arguments [C:\Users\Scott\build_release\CMakeFiles\CMakeTmp\cmTC_f4838.vcxproj]
C:\Program Files\CMake\share\cmake-3.19\Modules\CheckFunctionExists.c(17,24): error C2168: '_alloca': too few actual parameters for intrinsic function [C:\Users\Scott\build_release\CMakeFiles\CMakeTmp\cmTC_f4838.vcxproj]
  cl /c /Zi /W3 /WX- /diagnostics:column /Od /Ob0 /Oi /D WIN32 /D _WINDOWS /D CHECK_FUNCTION_EXISTS=_alloca /D "CMAKE_INTDIR=\"Debug\"" /D _MBCS /Gm- /RTC1 /MDd /GS /fp:precise /Zc:wchar_t /Zc:forScope /Zc:inline /Fo"cmTC_f4838.dir\Debug\\" /Fd"cmTC_f4838.dir\Debug\vc142.pdb" /Gd /TC /wd4141 /wd4146 /wd4180 /wd4244 /wd4258 /wd4267 /wd4291 /wd4345 /wd4351 /wd4355 /wd4456 /wd4457 /wd4458 /wd4459 /wd4503 /wd4624 /wd4722 /wd4800 /wd4100 /wd4127 /wd4512 /wd4505 /wd4610 /wd4510 /wd4702 /wd4245 /wd4706 /wd4310 /wd4701 /wd4703 /wd4389 /wd4611 /wd4805 /wd4204 /wd4577 /wd4091 /wd4592 /wd4319 /wd4324 /errorReport:queue /we4238  -w14062 "C:\Program Files\CMake\share\cmake-3.19\Modules\CheckFunctionExists.c"



Determining if the function __alloca exists failed with the following output:
Change Dir: C:/Users/Scott/build_release/CMakeFiles/CMakeTmp

Run Build Command(s):C:/Program Files (x86)/Microsoft Visual Studio/2019/Community/MSBuild/Current/Bin/MSBuild.exe cmTC_715a7.vcxproj /p:Configuration=Debug /p:Platform=x64 /p:VisualStudioVersion=16.0 /v:m && Microsoft (R) Build Engine version 16.8.3+39993bd9d for .NET Framework
Copyright (C) Microsoft Corporation. All rights reserved.

  Microsoft (R) C/C++ Optimizing Compiler Version 19.28.29336 for x64
  Copyright (C) Microsoft Corporation.  All rights reserved.
  CheckFunctionExists.c
  cl /c /Zi /W3 /WX- /diagnostics:column /Od /Ob0 /Oi /D WIN32 /D _WINDOWS /D CHECK_FUNCTION_EXISTS=__alloca /D "CMAKE_INTDIR=\"Debug\"" /D _MBCS /Gm- /RTC1 /MDd /GS /fp:precise /Zc:wchar_t /Zc:forScope /Zc:inline /Fo"cmTC_715a7.dir\Debug\\" /Fd"cmTC_715a7.dir\Debug\vc142.pdb" /Gd /TC /wd4141 /wd4146 /wd4180 /wd4244 /wd4258 /wd4267 /wd4291 /wd4345 /wd4351 /wd4355 /wd4456 /wd4457 /wd4458 /wd4459 /wd4503 /wd4624 /wd4722 /wd4800 /wd4100 /wd4127 /wd4512 /wd4505 /wd4610 /wd4510 /wd4702 /wd4245 /wd4706 /wd4310 /wd4701 /wd4703 /wd4389 /wd4611 /wd4805 /wd4204 /wd4577 /wd4091 /wd4592 /wd4319 /wd4324 /errorReport:queue /we4238  -w14062 "C:\Program Files\CMake\share\cmake-3.19\Modules\CheckFunctionExists.c"
CheckFunctionExists.obj : error LNK2019: unresolved external symbol __alloca referenced in function main [C:\Users\Scott\build_release\CMakeFiles\CMakeTmp\cmTC_715a7.vcxproj]
C:\Users\Scott\build_release\CMakeFiles\CMakeTmp\Debug\cmTC_715a7.exe : fatal error LNK1120: 1 unresolved externals [C:\Users\Scott\build_release\CMakeFiles\CMakeTmp\cmTC_715a7.vcxproj]



Determining if the function __chkstk_ms exists failed with the following output:
Change Dir: C:/Users/Scott/build_release/CMakeFiles/CMakeTmp

Run Build Command(s):C:/Program Files (x86)/Microsoft Visual Studio/2019/Community/MSBuild/Current/Bin/MSBuild.exe cmTC_02742.vcxproj /p:Configuration=Debug /p:Platform=x64 /p:VisualStudioVersion=16.0 /v:m && Microsoft (R) Build Engine version 16.8.3+39993bd9d for .NET Framework
Copyright (C) Microsoft Corporation. All rights reserved.

  Microsoft (R) C/C++ Optimizing Compiler Version 19.28.29336 for x64
  Copyright (C) Microsoft Corporation.  All rights reserved.
  CheckFunctionExists.c
  cl /c /Zi /W3 /WX- /diagnostics:column /Od /Ob0 /Oi /D WIN32 /D _WINDOWS /D CHECK_FUNCTION_EXISTS=__chkstk_ms /D "CMAKE_INTDIR=\"Debug\"" /D _MBCS /Gm- /RTC1 /MDd /GS /fp:precise /Zc:wchar_t /Zc:forScope /Zc:inline /Fo"cmTC_02742.dir\Debug\\" /Fd"cmTC_02742.dir\Debug\vc142.pdb" /Gd /TC /wd4141 /wd4146 /wd4180 /wd4244 /wd4258 /wd4267 /wd4291 /wd4345 /wd4351 /wd4355 /wd4456 /wd4457 /wd4458 /wd4459 /wd4503 /wd4624 /wd4722 /wd4800 /wd4100 /wd4127 /wd4512 /wd4505 /wd4610 /wd4510 /wd4702 /wd4245 /wd4706 /wd4310 /wd4701 /wd4703 /wd4389 /wd4611 /wd4805 /wd4204 /wd4577 /wd4091 /wd4592 /wd4319 /wd4324 /errorReport:queue /we4238  -w14062 "C:\Program Files\CMake\share\cmake-3.19\Modules\CheckFunctionExists.c"
CheckFunctionExists.obj : error LNK2019: unresolved external symbol __chkstk_ms referenced in function main [C:\Users\Scott\build_release\CMakeFiles\CMakeTmp\cmTC_02742.vcxproj]
C:\Users\Scott\build_release\CMakeFiles\CMakeTmp\Debug\cmTC_02742.exe : fatal error LNK1120: 1 unresolved externals [C:\Users\Scott\build_release\CMakeFiles\CMakeTmp\cmTC_02742.vcxproj]



Determining if the function ___chkstk exists failed with the following output:
Change Dir: C:/Users/Scott/build_release/CMakeFiles/CMakeTmp

Run Build Command(s):C:/Program Files (x86)/Microsoft Visual Studio/2019/Community/MSBuild/Current/Bin/MSBuild.exe cmTC_5beb2.vcxproj /p:Configuration=Debug /p:Platform=x64 /p:VisualStudioVersion=16.0 /v:m && Microsoft (R) Build Engine version 16.8.3+39993bd9d for .NET Framework
Copyright (C) Microsoft Corporation. All rights reserved.

  Microsoft (R) C/C++ Optimizing Compiler Version 19.28.29336 for x64
  Copyright (C) Microsoft Corporation.  All rights reserved.
  CheckFunctionExists.c
  cl /c /Zi /W3 /WX- /diagnostics:column /Od /Ob0 /Oi /D WIN32 /D _WINDOWS /D CHECK_FUNCTION_EXISTS=___chkstk /D "CMAKE_INTDIR=\"Debug\"" /D _MBCS /Gm- /RTC1 /MDd /GS /fp:precise /Zc:wchar_t /Zc:forScope /Zc:inline /Fo"cmTC_5beb2.dir\Debug\\" /Fd"cmTC_5beb2.dir\Debug\vc142.pdb" /Gd /TC /wd4141 /wd4146 /wd4180 /wd4244 /wd4258 /wd4267 /wd4291 /wd4345 /wd4351 /wd4355 /wd4456 /wd4457 /wd4458 /wd4459 /wd4503 /wd4624 /wd4722 /wd4800 /wd4100 /wd4127 /wd4512 /wd4505 /wd4610 /wd4510 /wd4702 /wd4245 /wd4706 /wd4310 /wd4701 /wd4703 /wd4389 /wd4611 /wd4805 /wd4204 /wd4577 /wd4091 /wd4592 /wd4319 /wd4324 /errorReport:queue /we4238  -w14062 "C:\Program Files\CMake\share\cmake-3.19\Modules\CheckFunctionExists.c"
CheckFunctionExists.obj : error LNK2019: unresolved external symbol ___chkstk referenced in function main [C:\Users\Scott\build_release\CMakeFiles\CMakeTmp\cmTC_5beb2.vcxproj]
C:\Users\Scott\build_release\CMakeFiles\CMakeTmp\Debug\cmTC_5beb2.exe : fatal error LNK1120: 1 unresolved externals [C:\Users\Scott\build_release\CMakeFiles\CMakeTmp\cmTC_5beb2.vcxproj]



Determining if the function ___chkstk_ms exists failed with the following output:
Change Dir: C:/Users/Scott/build_release/CMakeFiles/CMakeTmp

Run Build Command(s):C:/Program Files (x86)/Microsoft Visual Studio/2019/Community/MSBuild/Current/Bin/MSBuild.exe cmTC_d6de5.vcxproj /p:Configuration=Debug /p:Platform=x64 /p:VisualStudioVersion=16.0 /v:m && Microsoft (R) Build Engine version 16.8.3+39993bd9d for .NET Framework
Copyright (C) Microsoft Corporation. All rights reserved.

  Microsoft (R) C/C++ Optimizing Compiler Version 19.28.29336 for x64
  Copyright (C) Microsoft Corporation.  All rights reserved.
  CheckFunctionExists.c
  cl /c /Zi /W3 /WX- /diagnostics:column /Od /Ob0 /Oi /D WIN32 /D _WINDOWS /D CHECK_FUNCTION_EXISTS=___chkstk_ms /D "CMAKE_INTDIR=\"Debug\"" /D _MBCS /Gm- /RTC1 /MDd /GS /fp:precise /Zc:wchar_t /Zc:forScope /Zc:inline /Fo"cmTC_d6de5.dir\Debug\\" /Fd"cmTC_d6de5.dir\Debug\vc142.pdb" /Gd /TC /wd4141 /wd4146 /wd4180 /wd4244 /wd4258 /wd4267 /wd4291 /wd4345 /wd4351 /wd4355 /wd4456 /wd4457 /wd4458 /wd4459 /wd4503 /wd4624 /wd4722 /wd4800 /wd4100 /wd4127 /wd4512 /wd4505 /wd4610 /wd4510 /wd4702 /wd4245 /wd4706 /wd4310 /wd4701 /wd4703 /wd4389 /wd4611 /wd4805 /wd4204 /wd4577 /wd4091 /wd4592 /wd4319 /wd4324 /errorReport:queue /we4238  -w14062 "C:\Program Files\CMake\share\cmake-3.19\Modules\CheckFunctionExists.c"
CheckFunctionExists.obj : error LNK2019: unresolved external symbol ___chkstk_ms referenced in function main [C:\Users\Scott\build_release\CMakeFiles\CMakeTmp\cmTC_d6de5.vcxproj]
C:\Users\Scott\build_release\CMakeFiles\CMakeTmp\Debug\cmTC_d6de5.exe : fatal error LNK1120: 1 unresolved externals [C:\Users\Scott\build_release\CMakeFiles\CMakeTmp\cmTC_d6de5.vcxproj]



Determining if the function __ashldi3 exists failed with the following output:
Change Dir: C:/Users/Scott/build_release/CMakeFiles/CMakeTmp

Run Build Command(s):C:/Program Files (x86)/Microsoft Visual Studio/2019/Community/MSBuild/Current/Bin/MSBuild.exe cmTC_00ac6.vcxproj /p:Configuration=Debug /p:Platform=x64 /p:VisualStudioVersion=16.0 /v:m && Microsoft (R) Build Engine version 16.8.3+39993bd9d for .NET Framework
Copyright (C) Microsoft Corporation. All rights reserved.

  Microsoft (R) C/C++ Optimizing Compiler Version 19.28.29336 for x64
  Copyright (C) Microsoft Corporation.  All rights reserved.
  CheckFunctionExists.c
  cl /c /Zi /W3 /WX- /diagnostics:column /Od /Ob0 /Oi /D WIN32 /D _WINDOWS /D CHECK_FUNCTION_EXISTS=__ashldi3 /D "CMAKE_INTDIR=\"Debug\"" /D _MBCS /Gm- /RTC1 /MDd /GS /fp:precise /Zc:wchar_t /Zc:forScope /Zc:inline /Fo"cmTC_00ac6.dir\Debug\\" /Fd"cmTC_00ac6.dir\Debug\vc142.pdb" /Gd /TC /wd4141 /wd4146 /wd4180 /wd4244 /wd4258 /wd4267 /wd4291 /wd4345 /wd4351 /wd4355 /wd4456 /wd4457 /wd4458 /wd4459 /wd4503 /wd4624 /wd4722 /wd4800 /wd4100 /wd4127 /wd4512 /wd4505 /wd4610 /wd4510 /wd4702 /wd4245 /wd4706 /wd4310 /wd4701 /wd4703 /wd4389 /wd4611 /wd4805 /wd4204 /wd4577 /wd4091 /wd4592 /wd4319 /wd4324 /errorReport:queue /we4238  -w14062 "C:\Program Files\CMake\share\cmake-3.19\Modules\CheckFunctionExists.c"
CheckFunctionExists.obj : error LNK2019: unresolved external symbol __ashldi3 referenced in function main [C:\Users\Scott\build_release\CMakeFiles\CMakeTmp\cmTC_00ac6.vcxproj]
C:\Users\Scott\build_release\CMakeFiles\CMakeTmp\Debug\cmTC_00ac6.exe : fatal error LNK1120: 1 unresolved externals [C:\Users\Scott\build_release\CMakeFiles\CMakeTmp\cmTC_00ac6.vcxproj]



Determining if the function __ashrdi3 exists failed with the following output:
Change Dir: C:/Users/Scott/build_release/CMakeFiles/CMakeTmp

Run Build Command(s):C:/Program Files (x86)/Microsoft Visual Studio/2019/Community/MSBuild/Current/Bin/MSBuild.exe cmTC_fe142.vcxproj /p:Configuration=Debug /p:Platform=x64 /p:VisualStudioVersion=16.0 /v:m && Microsoft (R) Build Engine version 16.8.3+39993bd9d for .NET Framework
Copyright (C) Microsoft Corporation. All rights reserved.

  Microsoft (R) C/C++ Optimizing Compiler Version 19.28.29336 for x64
  Copyright (C) Microsoft Corporation.  All rights reserved.
  CheckFunctionExists.c
  cl /c /Zi /W3 /WX- /diagnostics:column /Od /Ob0 /Oi /D WIN32 /D _WINDOWS /D CHECK_FUNCTION_EXISTS=__ashrdi3 /D "CMAKE_INTDIR=\"Debug\"" /D _MBCS /Gm- /RTC1 /MDd /GS /fp:precise /Zc:wchar_t /Zc:forScope /Zc:inline /Fo"cmTC_fe142.dir\Debug\\" /Fd"cmTC_fe142.dir\Debug\vc142.pdb" /Gd /TC /wd4141 /wd4146 /wd4180 /wd4244 /wd4258 /wd4267 /wd4291 /wd4345 /wd4351 /wd4355 /wd4456 /wd4457 /wd4458 /wd4459 /wd4503 /wd4624 /wd4722 /wd4800 /wd4100 /wd4127 /wd4512 /wd4505 /wd4610 /wd4510 /wd4702 /wd4245 /wd4706 /wd4310 /wd4701 /wd4703 /wd4389 /wd4611 /wd4805 /wd4204 /wd4577 /wd4091 /wd4592 /wd4319 /wd4324 /errorReport:queue /we4238  -w14062 "C:\Program Files\CMake\share\cmake-3.19\Modules\CheckFunctionExists.c"
CheckFunctionExists.obj : error LNK2019: unresolved external symbol __ashrdi3 referenced in function main [C:\Users\Scott\build_release\CMakeFiles\CMakeTmp\cmTC_fe142.vcxproj]
C:\Users\Scott\build_release\CMakeFiles\CMakeTmp\Debug\cmTC_fe142.exe : fatal error LNK1120: 1 unresolved externals [C:\Users\Scott\build_release\CMakeFiles\CMakeTmp\cmTC_fe142.vcxproj]



Determining if the function __divdi3 exists failed with the following output:
Change Dir: C:/Users/Scott/build_release/CMakeFiles/CMakeTmp

Run Build Command(s):C:/Program Files (x86)/Microsoft Visual Studio/2019/Community/MSBuild/Current/Bin/MSBuild.exe cmTC_92041.vcxproj /p:Configuration=Debug /p:Platform=x64 /p:VisualStudioVersion=16.0 /v:m && Microsoft (R) Build Engine version 16.8.3+39993bd9d for .NET Framework
Copyright (C) Microsoft Corporation. All rights reserved.

  Microsoft (R) C/C++ Optimizing Compiler Version 19.28.29336 for x64
  Copyright (C) Microsoft Corporation.  All rights reserved.
  CheckFunctionExists.c
  cl /c /Zi /W3 /WX- /diagnostics:column /Od /Ob0 /Oi /D WIN32 /D _WINDOWS /D CHECK_FUNCTION_EXISTS=__divdi3 /D "CMAKE_INTDIR=\"Debug\"" /D _MBCS /Gm- /RTC1 /MDd /GS /fp:precise /Zc:wchar_t /Zc:forScope /Zc:inline /Fo"cmTC_92041.dir\Debug\\" /Fd"cmTC_92041.dir\Debug\vc142.pdb" /Gd /TC /wd4141 /wd4146 /wd4180 /wd4244 /wd4258 /wd4267 /wd4291 /wd4345 /wd4351 /wd4355 /wd4456 /wd4457 /wd4458 /wd4459 /wd4503 /wd4624 /wd4722 /wd4800 /wd4100 /wd4127 /wd4512 /wd4505 /wd4610 /wd4510 /wd4702 /wd4245 /wd4706 /wd4310 /wd4701 /wd4703 /wd4389 /wd4611 /wd4805 /wd4204 /wd4577 /wd4091 /wd4592 /wd4319 /wd4324 /errorReport:queue /we4238  -w14062 "C:\Program Files\CMake\share\cmake-3.19\Modules\CheckFunctionExists.c"
CheckFunctionExists.obj : error LNK2019: unresolved external symbol __divdi3 referenced in function main [C:\Users\Scott\build_release\CMakeFiles\CMakeTmp\cmTC_92041.vcxproj]
C:\Users\Scott\build_release\CMakeFiles\CMakeTmp\Debug\cmTC_92041.exe : fatal error LNK1120: 1 unresolved externals [C:\Users\Scott\build_release\CMakeFiles\CMakeTmp\cmTC_92041.vcxproj]



Determining if the function __fixdfdi exists failed with the following output:
Change Dir: C:/Users/Scott/build_release/CMakeFiles/CMakeTmp

Run Build Command(s):C:/Program Files (x86)/Microsoft Visual Studio/2019/Community/MSBuild/Current/Bin/MSBuild.exe cmTC_dd236.vcxproj /p:Configuration=Debug /p:Platform=x64 /p:VisualStudioVersion=16.0 /v:m && Microsoft (R) Build Engine version 16.8.3+39993bd9d for .NET Framework
Copyright (C) Microsoft Corporation. All rights reserved.

  Microsoft (R) C/C++ Optimizing Compiler Version 19.28.29336 for x64
  Copyright (C) Microsoft Corporation.  All rights reserved.
  CheckFunctionExists.c
  cl /c /Zi /W3 /WX- /diagnostics:column /Od /Ob0 /Oi /D WIN32 /D _WINDOWS /D CHECK_FUNCTION_EXISTS=__fixdfdi /D "CMAKE_INTDIR=\"Debug\"" /D _MBCS /Gm- /RTC1 /MDd /GS /fp:precise /Zc:wchar_t /Zc:forScope /Zc:inline /Fo"cmTC_dd236.dir\Debug\\" /Fd"cmTC_dd236.dir\Debug\vc142.pdb" /Gd /TC /wd4141 /wd4146 /wd4180 /wd4244 /wd4258 /wd4267 /wd4291 /wd4345 /wd4351 /wd4355 /wd4456 /wd4457 /wd4458 /wd4459 /wd4503 /wd4624 /wd4722 /wd4800 /wd4100 /wd4127 /wd4512 /wd4505 /wd4610 /wd4510 /wd4702 /wd4245 /wd4706 /wd4310 /wd4701 /wd4703 /wd4389 /wd4611 /wd4805 /wd4204 /wd4577 /wd4091 /wd4592 /wd4319 /wd4324 /errorReport:queue /we4238  -w14062 "C:\Program Files\CMake\share\cmake-3.19\Modules\CheckFunctionExists.c"
CheckFunctionExists.obj : error LNK2019: unresolved external symbol __fixdfdi referenced in function main [C:\Users\Scott\build_release\CMakeFiles\CMakeTmp\cmTC_dd236.vcxproj]
C:\Users\Scott\build_release\CMakeFiles\CMakeTmp\Debug\cmTC_dd236.exe : fatal error LNK1120: 1 unresolved externals [C:\Users\Scott\build_release\CMakeFiles\CMakeTmp\cmTC_dd236.vcxproj]



Determining if the function __fixsfdi exists failed with the following output:
Change Dir: C:/Users/Scott/build_release/CMakeFiles/CMakeTmp

Run Build Command(s):C:/Program Files (x86)/Microsoft Visual Studio/2019/Community/MSBuild/Current/Bin/MSBuild.exe cmTC_c6f9b.vcxproj /p:Configuration=Debug /p:Platform=x64 /p:VisualStudioVersion=16.0 /v:m && Microsoft (R) Build Engine version 16.8.3+39993bd9d for .NET Framework
Copyright (C) Microsoft Corporation. All rights reserved.

  Microsoft (R) C/C++ Optimizing Compiler Version 19.28.29336 for x64
  Copyright (C) Microsoft Corporation.  All rights reserved.
  CheckFunctionExists.c
  cl /c /Zi /W3 /WX- /diagnostics:column /Od /Ob0 /Oi /D WIN32 /D _WINDOWS /D CHECK_FUNCTION_EXISTS=__fixsfdi /D "CMAKE_INTDIR=\"Debug\"" /D _MBCS /Gm- /RTC1 /MDd /GS /fp:precise /Zc:wchar_t /Zc:forScope /Zc:inline /Fo"cmTC_c6f9b.dir\Debug\\" /Fd"cmTC_c6f9b.dir\Debug\vc142.pdb" /Gd /TC /wd4141 /wd4146 /wd4180 /wd4244 /wd4258 /wd4267 /wd4291 /wd4345 /wd4351 /wd4355 /wd4456 /wd4457 /wd4458 /wd4459 /wd4503 /wd4624 /wd4722 /wd4800 /wd4100 /wd4127 /wd4512 /wd4505 /wd4610 /wd4510 /wd4702 /wd4245 /wd4706 /wd4310 /wd4701 /wd4703 /wd4389 /wd4611 /wd4805 /wd4204 /wd4577 /wd4091 /wd4592 /wd4319 /wd4324 /errorReport:queue /we4238  -w14062 "C:\Program Files\CMake\share\cmake-3.19\Modules\CheckFunctionExists.c"
CheckFunctionExists.obj : error LNK2019: unresolved external symbol __fixsfdi referenced in function main [C:\Users\Scott\build_release\CMakeFiles\CMakeTmp\cmTC_c6f9b.vcxproj]
C:\Users\Scott\build_release\CMakeFiles\CMakeTmp\Debug\cmTC_c6f9b.exe : fatal error LNK1120: 1 unresolved externals [C:\Users\Scott\build_release\CMakeFiles\CMakeTmp\cmTC_c6f9b.vcxproj]



Determining if the function __floatdidf exists failed with the following output:
Change Dir: C:/Users/Scott/build_release/CMakeFiles/CMakeTmp

Run Build Command(s):C:/Program Files (x86)/Microsoft Visual Studio/2019/Community/MSBuild/Current/Bin/MSBuild.exe cmTC_7fc5d.vcxproj /p:Configuration=Debug /p:Platform=x64 /p:VisualStudioVersion=16.0 /v:m && Microsoft (R) Build Engine version 16.8.3+39993bd9d for .NET Framework
Copyright (C) Microsoft Corporation. All rights reserved.

  Microsoft (R) C/C++ Optimizing Compiler Version 19.28.29336 for x64
  Copyright (C) Microsoft Corporation.  All rights reserved.
  CheckFunctionExists.c
  cl /c /Zi /W3 /WX- /diagnostics:column /Od /Ob0 /Oi /D WIN32 /D _WINDOWS /D CHECK_FUNCTION_EXISTS=__floatdidf /D "CMAKE_INTDIR=\"Debug\"" /D _MBCS /Gm- /RTC1 /MDd /GS /fp:precise /Zc:wchar_t /Zc:forScope /Zc:inline /Fo"cmTC_7fc5d.dir\Debug\\" /Fd"cmTC_7fc5d.dir\Debug\vc142.pdb" /Gd /TC /wd4141 /wd4146 /wd4180 /wd4244 /wd4258 /wd4267 /wd4291 /wd4345 /wd4351 /wd4355 /wd4456 /wd4457 /wd4458 /wd4459 /wd4503 /wd4624 /wd4722 /wd4800 /wd4100 /wd4127 /wd4512 /wd4505 /wd4610 /wd4510 /wd4702 /wd4245 /wd4706 /wd4310 /wd4701 /wd4703 /wd4389 /wd4611 /wd4805 /wd4204 /wd4577 /wd4091 /wd4592 /wd4319 /wd4324 /errorReport:queue /we4238  -w14062 "C:\Program Files\CMake\share\cmake-3.19\Modules\CheckFunctionExists.c"
CheckFunctionExists.obj : error LNK2019: unresolved external symbol __floatdidf referenced in function main [C:\Users\Scott\build_release\CMakeFiles\CMakeTmp\cmTC_7fc5d.vcxproj]
C:\Users\Scott\build_release\CMakeFiles\CMakeTmp\Debug\cmTC_7fc5d.exe : fatal error LNK1120: 1 unresolved externals [C:\Users\Scott\build_release\CMakeFiles\CMakeTmp\cmTC_7fc5d.vcxproj]



Determining if the function __lshrdi3 exists failed with the following output:
Change Dir: C:/Users/Scott/build_release/CMakeFiles/CMakeTmp

Run Build Command(s):C:/Program Files (x86)/Microsoft Visual Studio/2019/Community/MSBuild/Current/Bin/MSBuild.exe cmTC_09cb7.vcxproj /p:Configuration=Debug /p:Platform=x64 /p:VisualStudioVersion=16.0 /v:m && Microsoft (R) Build Engine version 16.8.3+39993bd9d for .NET Framework
Copyright (C) Microsoft Corporation. All rights reserved.

  Microsoft (R) C/C++ Optimizing Compiler Version 19.28.29336 for x64
  Copyright (C) Microsoft Corporation.  All rights reserved.
  CheckFunctionExists.c
  cl /c /Zi /W3 /WX- /diagnostics:column /Od /Ob0 /Oi /D WIN32 /D _WINDOWS /D CHECK_FUNCTION_EXISTS=__lshrdi3 /D "CMAKE_INTDIR=\"Debug\"" /D _MBCS /Gm- /RTC1 /MDd /GS /fp:precise /Zc:wchar_t /Zc:forScope /Zc:inline /Fo"cmTC_09cb7.dir\Debug\\" /Fd"cmTC_09cb7.dir\Debug\vc142.pdb" /Gd /TC /wd4141 /wd4146 /wd4180 /wd4244 /wd4258 /wd4267 /wd4291 /wd4345 /wd4351 /wd4355 /wd4456 /wd4457 /wd4458 /wd4459 /wd4503 /wd4624 /wd4722 /wd4800 /wd4100 /wd4127 /wd4512 /wd4505 /wd4610 /wd4510 /wd4702 /wd4245 /wd4706 /wd4310 /wd4701 /wd4703 /wd4389 /wd4611 /wd4805 /wd4204 /wd4577 /wd4091 /wd4592 /wd4319 /wd4324 /errorReport:queue /we4238  -w14062 "C:\Program Files\CMake\share\cmake-3.19\Modules\CheckFunctionExists.c"
CheckFunctionExists.obj : error LNK2019: unresolved external symbol __lshrdi3 referenced in function main [C:\Users\Scott\build_release\CMakeFiles\CMakeTmp\cmTC_09cb7.vcxproj]
C:\Users\Scott\build_release\CMakeFiles\CMakeTmp\Debug\cmTC_09cb7.exe : fatal error LNK1120: 1 unresolved externals [C:\Users\Scott\build_release\CMakeFiles\CMakeTmp\cmTC_09cb7.vcxproj]



Determining if the function __moddi3 exists failed with the following output:
Change Dir: C:/Users/Scott/build_release/CMakeFiles/CMakeTmp

Run Build Command(s):C:/Program Files (x86)/Microsoft Visual Studio/2019/Community/MSBuild/Current/Bin/MSBuild.exe cmTC_4d2b4.vcxproj /p:Configuration=Debug /p:Platform=x64 /p:VisualStudioVersion=16.0 /v:m && Microsoft (R) Build Engine version 16.8.3+39993bd9d for .NET Framework
Copyright (C) Microsoft Corporation. All rights reserved.

  Microsoft (R) C/C++ Optimizing Compiler Version 19.28.29336 for x64
  Copyright (C) Microsoft Corporation.  All rights reserved.
  CheckFunctionExists.c
  cl /c /Zi /W3 /WX- /diagnostics:column /Od /Ob0 /Oi /D WIN32 /D _WINDOWS /D CHECK_FUNCTION_EXISTS=__moddi3 /D "CMAKE_INTDIR=\"Debug\"" /D _MBCS /Gm- /RTC1 /MDd /GS /fp:precise /Zc:wchar_t /Zc:forScope /Zc:inline /Fo"cmTC_4d2b4.dir\Debug\\" /Fd"cmTC_4d2b4.dir\Debug\vc142.pdb" /Gd /TC /wd4141 /wd4146 /wd4180 /wd4244 /wd4258 /wd4267 /wd4291 /wd4345 /wd4351 /wd4355 /wd4456 /wd4457 /wd4458 /wd4459 /wd4503 /wd4624 /wd4722 /wd4800 /wd4100 /wd4127 /wd4512 /wd4505 /wd4610 /wd4510 /wd4702 /wd4245 /wd4706 /wd4310 /wd4701 /wd4703 /wd4389 /wd4611 /wd4805 /wd4204 /wd4577 /wd4091 /wd4592 /wd4319 /wd4324 /errorReport:queue /we4238  -w14062 "C:\Program Files\CMake\share\cmake-3.19\Modules\CheckFunctionExists.c"
CheckFunctionExists.obj : error LNK2019: unresolved external symbol __moddi3 referenced in function main [C:\Users\Scott\build_release\CMakeFiles\CMakeTmp\cmTC_4d2b4.vcxproj]
C:\Users\Scott\build_release\CMakeFiles\CMakeTmp\Debug\cmTC_4d2b4.exe : fatal error LNK1120: 1 unresolved externals [C:\Users\Scott\build_release\CMakeFiles\CMakeTmp\cmTC_4d2b4.vcxproj]



Determining if the function __udivdi3 exists failed with the following output:
Change Dir: C:/Users/Scott/build_release/CMakeFiles/CMakeTmp

Run Build Command(s):C:/Program Files (x86)/Microsoft Visual Studio/2019/Community/MSBuild/Current/Bin/MSBuild.exe cmTC_7a013.vcxproj /p:Configuration=Debug /p:Platform=x64 /p:VisualStudioVersion=16.0 /v:m && Microsoft (R) Build Engine version 16.8.3+39993bd9d for .NET Framework
Copyright (C) Microsoft Corporation. All rights reserved.

  Microsoft (R) C/C++ Optimizing Compiler Version 19.28.29336 for x64
  Copyright (C) Microsoft Corporation.  All rights reserved.
  CheckFunctionExists.c
  cl /c /Zi /W3 /WX- /diagnostics:column /Od /Ob0 /Oi /D WIN32 /D _WINDOWS /D CHECK_FUNCTION_EXISTS=__udivdi3 /D "CMAKE_INTDIR=\"Debug\"" /D _MBCS /Gm- /RTC1 /MDd /GS /fp:precise /Zc:wchar_t /Zc:forScope /Zc:inline /Fo"cmTC_7a013.dir\Debug\\" /Fd"cmTC_7a013.dir\Debug\vc142.pdb" /Gd /TC /wd4141 /wd4146 /wd4180 /wd4244 /wd4258 /wd4267 /wd4291 /wd4345 /wd4351 /wd4355 /wd4456 /wd4457 /wd4458 /wd4459 /wd4503 /wd4624 /wd4722 /wd4800 /wd4100 /wd4127 /wd4512 /wd4505 /wd4610 /wd4510 /wd4702 /wd4245 /wd4706 /wd4310 /wd4701 /wd4703 /wd4389 /wd4611 /wd4805 /wd4204 /wd4577 /wd4091 /wd4592 /wd4319 /wd4324 /errorReport:queue /we4238  -w14062 "C:\Program Files\CMake\share\cmake-3.19\Modules\CheckFunctionExists.c"
CheckFunctionExists.obj : error LNK2019: unresolved external symbol __udivdi3 referenced in function main [C:\Users\Scott\build_release\CMakeFiles\CMakeTmp\cmTC_7a013.vcxproj]
C:\Users\Scott\build_release\CMakeFiles\CMakeTmp\Debug\cmTC_7a013.exe : fatal error LNK1120: 1 unresolved externals [C:\Users\Scott\build_release\CMakeFiles\CMakeTmp\cmTC_7a013.vcxproj]



Determining if the function __umoddi3 exists failed with the following output:
Change Dir: C:/Users/Scott/build_release/CMakeFiles/CMakeTmp

Run Build Command(s):C:/Program Files (x86)/Microsoft Visual Studio/2019/Community/MSBuild/Current/Bin/MSBuild.exe cmTC_43d58.vcxproj /p:Configuration=Debug /p:Platform=x64 /p:VisualStudioVersion=16.0 /v:m && Microsoft (R) Build Engine version 16.8.3+39993bd9d for .NET Framework
Copyright (C) Microsoft Corporation. All rights reserved.

  Microsoft (R) C/C++ Optimizing Compiler Version 19.28.29336 for x64
  Copyright (C) Microsoft Corporation.  All rights reserved.
  CheckFunctionExists.c
  cl /c /Zi /W3 /WX- /diagnostics:column /Od /Ob0 /Oi /D WIN32 /D _WINDOWS /D CHECK_FUNCTION_EXISTS=__umoddi3 /D "CMAKE_INTDIR=\"Debug\"" /D _MBCS /Gm- /RTC1 /MDd /GS /fp:precise /Zc:wchar_t /Zc:forScope /Zc:inline /Fo"cmTC_43d58.dir\Debug\\" /Fd"cmTC_43d58.dir\Debug\vc142.pdb" /Gd /TC /wd4141 /wd4146 /wd4180 /wd4244 /wd4258 /wd4267 /wd4291 /wd4345 /wd4351 /wd4355 /wd4456 /wd4457 /wd4458 /wd4459 /wd4503 /wd4624 /wd4722 /wd4800 /wd4100 /wd4127 /wd4512 /wd4505 /wd4610 /wd4510 /wd4702 /wd4245 /wd4706 /wd4310 /wd4701 /wd4703 /wd4389 /wd4611 /wd4805 /wd4204 /wd4577 /wd4091 /wd4592 /wd4319 /wd4324 /errorReport:queue /we4238  -w14062 "C:\Program Files\CMake\share\cmake-3.19\Modules\CheckFunctionExists.c"
CheckFunctionExists.obj : error LNK2019: unresolved external symbol __umoddi3 referenced in function main [C:\Users\Scott\build_release\CMakeFiles\CMakeTmp\cmTC_43d58.vcxproj]
C:\Users\Scott\build_release\CMakeFiles\CMakeTmp\Debug\cmTC_43d58.exe : fatal error LNK1120: 1 unresolved externals [C:\Users\Scott\build_release\CMakeFiles\CMakeTmp\cmTC_43d58.vcxproj]



Determining if the function __main exists failed with the following output:
Change Dir: C:/Users/Scott/build_release/CMakeFiles/CMakeTmp

Run Build Command(s):C:/Program Files (x86)/Microsoft Visual Studio/2019/Community/MSBuild/Current/Bin/MSBuild.exe cmTC_1f91a.vcxproj /p:Configuration=Debug /p:Platform=x64 /p:VisualStudioVersion=16.0 /v:m && Microsoft (R) Build Engine version 16.8.3+39993bd9d for .NET Framework
Copyright (C) Microsoft Corporation. All rights reserved.

  Microsoft (R) C/C++ Optimizing Compiler Version 19.28.29336 for x64
  Copyright (C) Microsoft Corporation.  All rights reserved.
  CheckFunctionExists.c
  cl /c /Zi /W3 /WX- /diagnostics:column /Od /Ob0 /Oi /D WIN32 /D _WINDOWS /D CHECK_FUNCTION_EXISTS=__main /D "CMAKE_INTDIR=\"Debug\"" /D _MBCS /Gm- /RTC1 /MDd /GS /fp:precise /Zc:wchar_t /Zc:forScope /Zc:inline /Fo"cmTC_1f91a.dir\Debug\\" /Fd"cmTC_1f91a.dir\Debug\vc142.pdb" /Gd /TC /wd4141 /wd4146 /wd4180 /wd4244 /wd4258 /wd4267 /wd4291 /wd4345 /wd4351 /wd4355 /wd4456 /wd4457 /wd4458 /wd4459 /wd4503 /wd4624 /wd4722 /wd4800 /wd4100 /wd4127 /wd4512 /wd4505 /wd4610 /wd4510 /wd4702 /wd4245 /wd4706 /wd4310 /wd4701 /wd4703 /wd4389 /wd4611 /wd4805 /wd4204 /wd4577 /wd4091 /wd4592 /wd4319 /wd4324 /errorReport:queue /we4238  -w14062 "C:\Program Files\CMake\share\cmake-3.19\Modules\CheckFunctionExists.c"
CheckFunctionExists.obj : error LNK2019: unresolved external symbol __main referenced in function main [C:\Users\Scott\build_release\CMakeFiles\CMakeTmp\cmTC_1f91a.vcxproj]
C:\Users\Scott\build_release\CMakeFiles\CMakeTmp\Debug\cmTC_1f91a.exe : fatal error LNK1120: 1 unresolved externals [C:\Users\Scott\build_release\CMakeFiles\CMakeTmp\cmTC_1f91a.vcxproj]



Determining if the function __cmpdi2 exists failed with the following output:
Change Dir: C:/Users/Scott/build_release/CMakeFiles/CMakeTmp

Run Build Command(s):C:/Program Files (x86)/Microsoft Visual Studio/2019/Community/MSBuild/Current/Bin/MSBuild.exe cmTC_bd472.vcxproj /p:Configuration=Debug /p:Platform=x64 /p:VisualStudioVersion=16.0 /v:m && Microsoft (R) Build Engine version 16.8.3+39993bd9d for .NET Framework
Copyright (C) Microsoft Corporation. All rights reserved.

  Microsoft (R) C/C++ Optimizing Compiler Version 19.28.29336 for x64
  Copyright (C) Microsoft Corporation.  All rights reserved.
  CheckFunctionExists.c
  cl /c /Zi /W3 /WX- /diagnostics:column /Od /Ob0 /Oi /D WIN32 /D _WINDOWS /D CHECK_FUNCTION_EXISTS=__cmpdi2 /D "CMAKE_INTDIR=\"Debug\"" /D _MBCS /Gm- /RTC1 /MDd /GS /fp:precise /Zc:wchar_t /Zc:forScope /Zc:inline /Fo"cmTC_bd472.dir\Debug\\" /Fd"cmTC_bd472.dir\Debug\vc142.pdb" /Gd /TC /wd4141 /wd4146 /wd4180 /wd4244 /wd4258 /wd4267 /wd4291 /wd4345 /wd4351 /wd4355 /wd4456 /wd4457 /wd4458 /wd4459 /wd4503 /wd4624 /wd4722 /wd4800 /wd4100 /wd4127 /wd4512 /wd4505 /wd4610 /wd4510 /wd4702 /wd4245 /wd4706 /wd4310 /wd4701 /wd4703 /wd4389 /wd4611 /wd4805 /wd4204 /wd4577 /wd4091 /wd4592 /wd4319 /wd4324 /errorReport:queue /we4238  -w14062 "C:\Program Files\CMake\share\cmake-3.19\Modules\CheckFunctionExists.c"
CheckFunctionExists.obj : error LNK2019: unresolved external symbol __cmpdi2 referenced in function main [C:\Users\Scott\build_release\CMakeFiles\CMakeTmp\cmTC_bd472.vcxproj]
C:\Users\Scott\build_release\CMakeFiles\CMakeTmp\Debug\cmTC_bd472.exe : fatal error LNK1120: 1 unresolved externals [C:\Users\Scott\build_release\CMakeFiles\CMakeTmp\cmTC_bd472.vcxproj]



Determining if the __GLIBC__ exist failed with the following output:
Change Dir: C:/Users/Scott/build_release/CMakeFiles/CMakeTmp

Run Build Command(s):C:/Program Files (x86)/Microsoft Visual Studio/2019/Community/MSBuild/Current/Bin/MSBuild.exe cmTC_02f87.vcxproj /p:Configuration=Debug /p:Platform=x64 /p:VisualStudioVersion=16.0 /v:m && Microsoft (R) Build Engine version 16.8.3+39993bd9d for .NET Framework
Copyright (C) Microsoft Corporation. All rights reserved.

  Microsoft (R) C/C++ Optimizing Compiler Version 19.28.29336 for x64
  Copyright (C) Microsoft Corporation.  All rights reserved.
  CheckSymbolExists.c
  cl /c /Zi /W3 /WX- /diagnostics:column /Od /Ob0 /Oi /D WIN32 /D _WINDOWS /D "CMAKE_INTDIR=\"Debug\"" /D _MBCS /Gm- /RTC1 /MDd /GS /fp:precise /Zc:wchar_t /Zc:forScope /Zc:inline /Fo"cmTC_02f87.dir\Debug\\" /Fd"cmTC_02f87.dir\Debug\vc142.pdb" /Gd /TC /wd4141 /wd4146 /wd4180 /wd4244 /wd4258 /wd4267 /wd4291 /wd4345 /wd4351 /wd4355 /wd4456 /wd4457 /wd4458 /wd4459 /wd4503 /wd4624 /wd4722 /wd4800 /wd4100 /wd4127 /wd4512 /wd4505 /wd4610 /wd4510 /wd4702 /wd4245 /wd4706 /wd4310 /wd4701 /wd4703 /wd4389 /wd4611 /wd4805 /wd4204 /wd4577 /wd4091 /wd4592 /wd4319 /wd4324 /errorReport:queue /we4238  -w14062 C:\Users\Scott\build_release\CMakeFiles\CMakeTmp\CheckSymbolExists.c
C:\Users\Scott\build_release\CMakeFiles\CMakeTmp\CheckSymbolExists.c(8,28): error C2065: '__GLIBC__': undeclared identifier [C:\Users\Scott\build_release\CMakeFiles\CMakeTmp\cmTC_02f87.vcxproj]


File C:/Users/Scott/build_release/CMakeFiles/CMakeTmp/CheckSymbolExists.c:
/* */
#include <stdio.h>

int main(int argc, char** argv)
{
  (void)argv;
#ifndef __GLIBC__
  return ((int*)(&__GLIBC__))[argc];
#else
  (void)argc;
  return 0;
#endif
}
Determining if the sched_getaffinity exist failed with the following output:
Change Dir: C:/Users/Scott/build_release/CMakeFiles/CMakeTmp

Run Build Command(s):C:/Program Files (x86)/Microsoft Visual Studio/2019/Community/MSBuild/Current/Bin/MSBuild.exe cmTC_1d556.vcxproj /p:Configuration=Debug /p:Platform=x64 /p:VisualStudioVersion=16.0 /v:m && Microsoft (R) Build Engine version 16.8.3+39993bd9d for .NET Framework
Copyright (C) Microsoft Corporation. All rights reserved.

  Microsoft (R) C/C++ Optimizing Compiler Version 19.28.29336 for x64
  Copyright (C) Microsoft Corporation.  All rights reserved.
  CheckSymbolExists.c
  cl /c /Zi /W3 /WX- /diagnostics:column /Od /Ob0 /Oi /D WIN32 /D _WINDOWS /D "CMAKE_INTDIR=\"Debug\"" /D _MBCS /Gm- /RTC1 /MDd /GS /fp:precise /Zc:wchar_t /Zc:forScope /Zc:inline /Fo"cmTC_1d556.dir\Debug\\" /Fd"cmTC_1d556.dir\Debug\vc142.pdb" /Gd /TC /wd4141 /wd4146 /wd4180 /wd4244 /wd4258 /wd4267 /wd4291 /wd4345 /wd4351 /wd4355 /wd4456 /wd4457 /wd4458 /wd4459 /wd4503 /wd4624 /wd4722 /wd4800 /wd4100 /wd4127 /wd4512 /wd4505 /wd4610 /wd4510 /wd4702 /wd4245 /wd4706 /wd4310 /wd4701 /wd4703 /wd4389 /wd4611 /wd4805 /wd4204 /wd4577 /wd4091 /wd4592 /wd4319 /wd4324 /errorReport:queue /we4238  -w14062 C:\Users\Scott\build_release\CMakeFiles\CMakeTmp\CheckSymbolExists.c
C:\Users\Scott\build_release\CMakeFiles\CMakeTmp\CheckSymbolExists.c(2,10): fatal error C1083: Cannot open include file: 'sched.h': No such file or directory [C:\Users\Scott\build_release\CMakeFiles\CMakeTmp\cmTC_1d556.vcxproj]


File C:/Users/Scott/build_release/CMakeFiles/CMakeTmp/CheckSymbolExists.c:
/* */
#include <sched.h>

int main(int argc, char** argv)
{
  (void)argv;
#ifndef sched_getaffinity
  return ((int*)(&sched_getaffinity))[argc];
#else
  (void)argc;
  return 0;
#endif
}
Determining if the CPU_COUNT exist failed with the following output:
Change Dir: C:/Users/Scott/build_release/CMakeFiles/CMakeTmp

Run Build Command(s):C:/Program Files (x86)/Microsoft Visual Studio/2019/Community/MSBuild/Current/Bin/MSBuild.exe cmTC_3a7d5.vcxproj /p:Configuration=Debug /p:Platform=x64 /p:VisualStudioVersion=16.0 /v:m && Microsoft (R) Build Engine version 16.8.3+39993bd9d for .NET Framework
Copyright (C) Microsoft Corporation. All rights reserved.

  Microsoft (R) C/C++ Optimizing Compiler Version 19.28.29336 for x64
  Copyright (C) Microsoft Corporation.  All rights reserved.
  CheckSymbolExists.c
  cl /c /Zi /W3 /WX- /diagnostics:column /Od /Ob0 /Oi /D WIN32 /D _WINDOWS /D "CMAKE_INTDIR=\"Debug\"" /D _MBCS /Gm- /RTC1 /MDd /GS /fp:precise /Zc:wchar_t /Zc:forScope /Zc:inline /Fo"cmTC_3a7d5.dir\Debug\\" /Fd"cmTC_3a7d5.dir\Debug\vc142.pdb" /Gd /TC /wd4141 /wd4146 /wd4180 /wd4244 /wd4258 /wd4267 /wd4291 /wd4345 /wd4351 /wd4355 /wd4456 /wd4457 /wd4458 /wd4459 /wd4503 /wd4624 /wd4722 /wd4800 /wd4100 /wd4127 /wd4512 /wd4505 /wd4610 /wd4510 /wd4702 /wd4245 /wd4706 /wd4310 /wd4701 /wd4703 /wd4389 /wd4611 /wd4805 /wd4204 /wd4577 /wd4091 /wd4592 /wd4319 /wd4324 /errorReport:queue /we4238  -w14062 C:\Users\Scott\build_release\CMakeFiles\CMakeTmp\CheckSymbolExists.c
C:\Users\Scott\build_release\CMakeFiles\CMakeTmp\CheckSymbolExists.c(2,10): fatal error C1083: Cannot open include file: 'sched.h': No such file or directory [C:\Users\Scott\build_release\CMakeFiles\CMakeTmp\cmTC_3a7d5.vcxproj]


File C:/Users/Scott/build_release/CMakeFiles/CMakeTmp/CheckSymbolExists.c:
/* */
#include <sched.h>

int main(int argc, char** argv)
{
  (void)argv;
#ifndef CPU_COUNT
  return ((int*)(&CPU_COUNT))[argc];
#else
  (void)argc;
  return 0;
#endif
}
Performing C++ SOURCE FILE Test SUPPORTS_NO_PIE_FLAG failed with the following output:
Change Dir: C:/Users/Scott/build_release/CMakeFiles/CMakeTmp

Run Build Command(s):C:/Program Files (x86)/Microsoft Visual Studio/2019/Community/MSBuild/Current/Bin/MSBuild.exe cmTC_6e9a3.vcxproj /p:Configuration=Debug /p:Platform=x64 /p:VisualStudioVersion=16.0 /v:m && Microsoft (R) Build Engine version 16.8.3+39993bd9d for .NET Framework
Copyright (C) Microsoft Corporation. All rights reserved.

  Microsoft (R) C/C++ Optimizing Compiler Version 19.28.29336 for x64
  Copyright (C) Microsoft Corporation.  All rights reserved.
  src.cxx
  cl /c /Zi /W3 /WX- /diagnostics:column /Od /Ob0 /Oi /D WIN32 /D _WINDOWS /D SUPPORTS_NO_PIE_FLAG /D "CMAKE_INTDIR=\"Debug\"" /D _MBCS /Gm- /RTC1 /MDd /GS /fp:precise /Zc:wchar_t /Zc:forScope /Zc:inline /Zc:rvalueCast /GR /Fo"cmTC_6e9a3.dir\Debug\\" /Fd"cmTC_6e9a3.dir\Debug\vc142.pdb" /Gd /TP /wd4141 /wd4146 /wd4180 /wd4244 /wd4258 /wd4267 /wd4291 /wd4345 /wd4351 /wd4355 /wd4456 /wd4457 /wd4458 /wd4459 /wd4503 /wd4624 /wd4722 /wd4800 /wd4100 /wd4127 /wd4512 /wd4505 /wd4610 /wd4510 /wd4702 /wd4245 /wd4706 /wd4310 /wd4701 /wd4703 /wd4389 /wd4611 /wd4805 /wd4204 /wd4577 /wd4091 /wd4592 /wd4319 /wd4324 /wd4068 /wd4200 /wd4201 /wd4530 /errorReport:queue /we4238  -w14062 -fno-pie C:\Users\Scott\build_release\CMakeFiles\CMakeTmp\src.cxx
cl : command line warning D9002: ignoring unknown option '-fno-pie' [C:\Users\Scott\build_release\CMakeFiles\CMakeTmp\cmTC_6e9a3.vcxproj]
  cmTC_6e9a3.vcxproj -> C:\Users\Scott\build_release\CMakeFiles\CMakeTmp\Debug\cmTC_6e9a3.exe


Source file was:
int main() { return 0; }
Performing C++ SOURCE FILE Test SUPPORTS_VARIADIC_MACROS_FLAG failed with the following output:
Change Dir: C:/Users/Scott/build_release/CMakeFiles/CMakeTmp

Run Build Command(s):C:/Program Files (x86)/Microsoft Visual Studio/2019/Community/MSBuild/Current/Bin/MSBuild.exe cmTC_1a13b.vcxproj /p:Configuration=Debug /p:Platform=x64 /p:VisualStudioVersion=16.0 /v:m && Microsoft (R) Build Engine version 16.8.3+39993bd9d for .NET Framework
Copyright (C) Microsoft Corporation. All rights reserved.

  Microsoft (R) C/C++ Optimizing Compiler Version 19.28.29336 for x64
  Copyright (C) Microsoft Corporation.  All rights reserved.
  cl /c /Zi /W3 /WX- /diagnostics:column /Od /Ob0 /Oi /D WIN32 /D _WINDOWS /D SUPPORTS_VARIADIC_MACROS_FLAG /D "CMAKE_INTDIR=\"Debug\"" /D _MBCS /Gm- /RTC1 /MDd /GS /fp:precise /Zc:wchar_t /Zc:forScope /Zc:inline /Zc:rvalueCast /GR /Fo"cmTC_1a13b.dir\Debug\\" /Fd"cmTC_1a13b.dir\Debug\vc142.pdb" /Gd /TP /wd4141 /wd4146 /wd4180 /wd4244 /wd4258 /wd4267 /wd4291 /wd4345 /wd4351 /wd4355 /wd4456 /wd4457 /wd4458 /wd4459 /wd4503 /wd4624 /wd4722 /wd4800 /wd4100 /wd4127 /wd4512 /wd4505 /wd4610 /wd4510 /wd4702 /wd4245 /wd4706 /wd4310 /wd4701 /wd4703 /wd4389 /wd4611 /wd4805 /wd4204 /wd4577 /wd4091 /wd4592 /wd4319 /wd4324 /wd4068 /wd4200 /wd4201 /wd4530 /errorReport:queue /we4238  -w14062 -Wvariadic-macros C:\Users\Scott\build_release\CMakeFiles\CMakeTmp\src.cxx
cl : command line error D8021: invalid numeric argument '/Wvariadic-macros' [C:\Users\Scott\build_release\CMakeFiles\CMakeTmp\cmTC_1a13b.vcxproj]


Source file was:
int main() { return 0; }
Performing C++ SOURCE FILE Test SUPPORTS_GNU_ZERO_VARIADIC_MACRO_ARGUMENTS_FLAG failed with the following output:
Change Dir: C:/Users/Scott/build_release/CMakeFiles/CMakeTmp

Run Build Command(s):C:/Program Files (x86)/Microsoft Visual Studio/2019/Community/MSBuild/Current/Bin/MSBuild.exe cmTC_5f9ce.vcxproj /p:Configuration=Debug /p:Platform=x64 /p:VisualStudioVersion=16.0 /v:m && Microsoft (R) Build Engine version 16.8.3+39993bd9d for .NET Framework
Copyright (C) Microsoft Corporation. All rights reserved.

  Microsoft (R) C/C++ Optimizing Compiler Version 19.28.29336 for x64
  Copyright (C) Microsoft Corporation.  All rights reserved.
  cl /c /Zi /W3 /WX- /diagnostics:column /Od /Ob0 /Oi /D WIN32 /D _WINDOWS /D SUPPORTS_GNU_ZERO_VARIADIC_MACRO_ARGUMENTS_FLAG /D "CMAKE_INTDIR=\"Debug\"" /D _MBCS /Gm- /RTC1 /MDd /GS /fp:precise /Zc:wchar_t /Zc:forScope /Zc:inline /Zc:rvalueCast /GR /Fo"cmTC_5f9ce.dir\Debug\\" /Fd"cmTC_5f9ce.dir\Debug\vc142.pdb" /Gd /TP /wd4141 /wd4146 /wd4180 /wd4244 /wd4258 /wd4267 /wd4291 /wd4345 /wd4351 /wd4355 /wd4456 /wd4457 /wd4458 /wd4459 /wd4503 /wd4624 /wd4722 /wd4800 /wd4100 /wd4127 /wd4512 /wd4505 /wd4610 /wd4510 /wd4702 /wd4245 /wd4706 /wd4310 /wd4701 /wd4703 /wd4389 /wd4611 /wd4805 /wd4204 /wd4577 /wd4091 /wd4592 /wd4319 /wd4324 /wd4068 /wd4200 /wd4201 /wd4530 /errorReport:queue /we4238  -w14062 -Wgnu-zero-variadic-macro-arguments C:\Users\Scott\build_release\CMakeFiles\CMakeTmp\src.cxx
cl : command line error D8021: invalid numeric argument '/Wgnu-zero-variadic-macro-arguments' [C:\Users\Scott\build_release\CMakeFiles\CMakeTmp\cmTC_5f9ce.vcxproj]


Source file was:
int main() { return 0; }
